{"/home/travis/build/npmtest/node-npmtest-bcrypt-nodejs/test.js":{"path":"/home/travis/build/npmtest/node-npmtest-bcrypt-nodejs/test.js","s":{"1":2,"2":2,"3":2,"4":2,"5":2,"6":2,"7":2,"8":1,"9":2,"10":2,"11":1,"12":1,"13":1,"14":1,"15":2,"16":2,"17":2,"18":2,"19":1,"20":1,"21":2,"22":2,"23":2,"24":1,"25":1,"26":1,"27":1,"28":1,"29":1,"30":1,"31":1,"32":1,"33":1,"34":1,"35":1,"36":2,"37":2,"38":1,"39":2,"40":2,"41":1,"42":2,"43":2,"44":1,"45":1,"46":1,"47":1,"48":1},"b":{"1":[2,1,1,1],"2":[1,1,1,1],"3":[1,1],"4":[1,1],"5":[1,1],"6":[1,1],"7":[1,1],"8":[1,1],"9":[1,1,1],"10":[1,1],"11":[1,1],"12":[1,1],"13":[1,1],"14":[1,1],"15":[1,1]},"f":{"1":2,"2":2,"3":2,"4":2,"5":2,"6":1,"7":1,"8":2,"9":2,"10":2,"11":1},"fnMap":{"1":{"name":"(anonymous_1)","line":12,"loc":{"start":{"line":12,"column":1},"end":{"line":12,"column":13}}},"2":{"name":"(anonymous_2)","line":19,"loc":{"start":{"line":19,"column":5},"end":{"line":19,"column":17}}},"3":{"name":"(anonymous_3)","line":23,"loc":{"start":{"line":23,"column":24},"end":{"line":23,"column":36}}},"4":{"name":"(anonymous_4)","line":61,"loc":{"start":{"line":61,"column":5},"end":{"line":61,"column":17}}},"5":{"name":"(anonymous_5)","line":82,"loc":{"start":{"line":82,"column":5},"end":{"line":82,"column":17}}},"6":{"name":"(anonymous_6)","line":102,"loc":{"start":{"line":102,"column":83},"end":{"line":105,"column":10}},"skip":true},"7":{"name":"(anonymous_7)","line":113,"loc":{"start":{"line":113,"column":77},"end":{"line":116,"column":10}},"skip":true},"8":{"name":"(anonymous_8)","line":127,"loc":{"start":{"line":127,"column":77},"end":{"line":130,"column":10}},"skip":true},"9":{"name":"(anonymous_9)","line":138,"loc":{"start":{"line":138,"column":83},"end":{"line":141,"column":10}},"skip":true},"10":{"name":"(anonymous_10)","line":149,"loc":{"start":{"line":149,"column":79},"end":{"line":152,"column":10}},"skip":true},"11":{"name":"(anonymous_11)","line":160,"loc":{"start":{"line":160,"column":75},"end":{"line":163,"column":10}},"skip":true}},"statementMap":{"1":{"start":{"line":12,"column":0},"end":{"line":175,"column":5}},"2":{"start":{"line":14,"column":4},"end":{"line":14,"column":14}},"3":{"start":{"line":19,"column":4},"end":{"line":56,"column":9}},"4":{"start":{"line":21,"column":8},"end":{"line":21,"column":19}},"5":{"start":{"line":23,"column":8},"end":{"line":35,"column":13}},"6":{"start":{"line":24,"column":12},"end":{"line":34,"column":13}},"7":{"start":{"line":25,"column":16},"end":{"line":28,"column":30}},"8":{"start":{"line":30,"column":16},"end":{"line":33,"column":27}},"9":{"start":{"line":37,"column":8},"end":{"line":39,"column":21}},"10":{"start":{"line":40,"column":8},"end":{"line":53,"column":9}},"11":{"start":{"line":43,"column":12},"end":{"line":46,"column":14}},"12":{"start":{"line":47,"column":12},"end":{"line":47,"column":18}},"13":{"start":{"line":50,"column":12},"end":{"line":51,"column":46}},"14":{"start":{"line":52,"column":12},"end":{"line":52,"column":18}},"15":{"start":{"line":55,"column":8},"end":{"line":55,"column":35}},"16":{"start":{"line":61,"column":4},"end":{"line":63,"column":9}},"17":{"start":{"line":62,"column":8},"end":{"line":62,"column":15}},"18":{"start":{"line":64,"column":4},"end":{"line":77,"column":5}},"19":{"start":{"line":70,"column":8},"end":{"line":70,"column":14}},"20":{"start":{"line":76,"column":8},"end":{"line":76,"column":14}},"21":{"start":{"line":82,"column":4},"end":{"line":84,"column":9}},"22":{"start":{"line":83,"column":8},"end":{"line":83,"column":15}},"23":{"start":{"line":85,"column":4},"end":{"line":174,"column":5}},"24":{"start":{"line":92,"column":8},"end":{"line":94,"column":63}},"25":{"start":{"line":95,"column":8},"end":{"line":95,"column":14}},"26":{"start":{"line":102,"column":8},"end":{"line":111,"column":10},"skip":true},"27":{"start":{"line":109,"column":12},"end":{"line":109,"column":55},"skip":true},"28":{"start":{"line":110,"column":12},"end":{"line":110,"column":48},"skip":true},"29":{"start":{"line":113,"column":8},"end":{"line":125,"column":10},"skip":true},"30":{"start":{"line":120,"column":12},"end":{"line":120,"column":76},"skip":true},"31":{"start":{"line":121,"column":12},"end":{"line":121,"column":73},"skip":true},"32":{"start":{"line":122,"column":12},"end":{"line":122,"column":74},"skip":true},"33":{"start":{"line":123,"column":12},"end":{"line":123,"column":25},"skip":true},"34":{"start":{"line":124,"column":12},"end":{"line":124,"column":45},"skip":true},"35":{"start":{"line":127,"column":8},"end":{"line":136,"column":10},"skip":true},"36":{"start":{"line":134,"column":12},"end":{"line":134,"column":25},"skip":true},"37":{"start":{"line":135,"column":12},"end":{"line":135,"column":45},"skip":true},"38":{"start":{"line":138,"column":8},"end":{"line":147,"column":10},"skip":true},"39":{"start":{"line":145,"column":12},"end":{"line":145,"column":25},"skip":true},"40":{"start":{"line":146,"column":12},"end":{"line":146,"column":48},"skip":true},"41":{"start":{"line":149,"column":8},"end":{"line":158,"column":10},"skip":true},"42":{"start":{"line":156,"column":12},"end":{"line":156,"column":25},"skip":true},"43":{"start":{"line":157,"column":12},"end":{"line":157,"column":46},"skip":true},"44":{"start":{"line":160,"column":8},"end":{"line":169,"column":10},"skip":true},"45":{"start":{"line":167,"column":12},"end":{"line":167,"column":94},"skip":true},"46":{"start":{"line":168,"column":12},"end":{"line":168,"column":48},"skip":true},"47":{"start":{"line":172,"column":8},"end":{"line":172,"column":35},"skip":true},"48":{"start":{"line":173,"column":8},"end":{"line":173,"column":14},"skip":true}},"branchMap":{"1":{"line":25,"type":"binary-expr","locations":[{"start":{"line":25,"column":23},"end":{"line":25,"column":62}},{"start":{"line":26,"column":20},"end":{"line":26,"column":70}},{"start":{"line":27,"column":20},"end":{"line":27,"column":71}},{"start":{"line":28,"column":20},"end":{"line":28,"column":29}}]},"2":{"line":30,"type":"binary-expr","locations":[{"start":{"line":30,"column":23},"end":{"line":30,"column":37}},{"start":{"line":31,"column":20},"end":{"line":31,"column":61}},{"start":{"line":32,"column":20},"end":{"line":32,"column":70}},{"start":{"line":33,"column":20},"end":{"line":33,"column":26}}]},"3":{"line":37,"type":"cond-expr","locations":[{"start":{"line":38,"column":14},"end":{"line":38,"column":20}},{"start":{"line":39,"column":14},"end":{"line":39,"column":20}}]},"4":{"line":40,"type":"switch","locations":[{"start":{"line":42,"column":8},"end":{"line":47,"column":18}},{"start":{"line":49,"column":8},"end":{"line":52,"column":18}}]},"5":{"line":44,"type":"binary-expr","locations":[{"start":{"line":44,"column":16},"end":{"line":44,"column":44}},{"start":{"line":44,"column":48},"end":{"line":44,"column":66}}]},"6":{"line":50,"type":"binary-expr","locations":[{"start":{"line":50,"column":21},"end":{"line":50,"column":49}},{"start":{"line":50,"column":53},"end":{"line":50,"column":72}}]},"7":{"line":64,"type":"switch","locations":[{"start":{"line":69,"column":4},"end":{"line":70,"column":14}},{"start":{"line":75,"column":4},"end":{"line":76,"column":14}}]},"8":{"line":85,"type":"switch","locations":[{"start":{"line":90,"column":4},"end":{"line":95,"column":14}},{"start":{"line":101,"column":4},"end":{"line":173,"column":14},"skip":true}]},"9":{"line":92,"type":"binary-expr","locations":[{"start":{"line":92,"column":18},"end":{"line":92,"column":32}},{"start":{"line":93,"column":12},"end":{"line":93,"column":53}},{"start":{"line":94,"column":12},"end":{"line":94,"column":61}}]},"10":{"line":102,"type":"binary-expr","locations":[{"start":{"line":102,"column":45},"end":{"line":102,"column":79},"skip":true},{"start":{"line":102,"column":83},"end":{"line":111,"column":9},"skip":true}]},"11":{"line":113,"type":"binary-expr","locations":[{"start":{"line":113,"column":42},"end":{"line":113,"column":73},"skip":true},{"start":{"line":113,"column":77},"end":{"line":125,"column":9},"skip":true}]},"12":{"line":127,"type":"binary-expr","locations":[{"start":{"line":127,"column":42},"end":{"line":127,"column":73},"skip":true},{"start":{"line":127,"column":77},"end":{"line":136,"column":9},"skip":true}]},"13":{"line":138,"type":"binary-expr","locations":[{"start":{"line":138,"column":45},"end":{"line":138,"column":79},"skip":true},{"start":{"line":138,"column":83},"end":{"line":147,"column":9},"skip":true}]},"14":{"line":149,"type":"binary-expr","locations":[{"start":{"line":149,"column":43},"end":{"line":149,"column":75},"skip":true},{"start":{"line":149,"column":79},"end":{"line":158,"column":9},"skip":true}]},"15":{"line":160,"type":"binary-expr","locations":[{"start":{"line":160,"column":41},"end":{"line":160,"column":71},"skip":true},{"start":{"line":160,"column":75},"end":{"line":169,"column":9},"skip":true}]}},"code":["/* istanbul instrument in package npmtest_bcrypt_nodejs */","/*jslint","    bitwise: true,","    browser: true,","    maxerr: 8,","    maxlen: 96,","    node: true,","    nomen: true,","    regexp: true,","    stupid: true","*/","(function () {","    'use strict';","    var local;","","","","    // run shared js-env code - pre-init","    (function () {","        // init local","        local = {};","        // init modeJs","        local.modeJs = (function () {","            try {","                return typeof navigator.userAgent === 'string' &&","                    typeof document.querySelector('body') === 'object' &&","                    typeof XMLHttpRequest.prototype.open === 'function' &&","                    'browser';","            } catch (errorCaughtBrowser) {","                return module.exports &&","                    typeof process.versions.node === 'string' &&","                    typeof require('http').createServer === 'function' &&","                    'node';","            }","        }());","        // init global","        local.global = local.modeJs === 'browser'","            ? window","            : global;","        switch (local.modeJs) {","        // re-init local from window.local","        case 'browser':","            local = local.global.utility2.objectSetDefault(","                local.global.utility2_rollup || local.global.local,","                local.global.utility2","            );","            break;","        // re-init local from example.js","        case 'node':","            local = (local.global.utility2_rollup || require('utility2'))","                .requireExampleJsFromReadme();","            break;","        }","        // export local","        local.global.local = local;","    }());","","","","    // run shared js-env code - function","    (function () {","        return;","    }());","    switch (local.modeJs) {","","","","    // run browser js-env code - function","    case 'browser':","        break;","","","","    // run node js-env code - function","    case 'node':","        break;","    }","","","","    // run shared js-env code - post-init","    (function () {","        return;","    }());","    switch (local.modeJs) {","","","","    // run browser js-env code - post-init","    case 'browser':","        // run tests","        local.nop(local.modeTest &&","            document.querySelector('#testRunButton1') &&","            document.querySelector('#testRunButton1').click());","        break;","","","","    // run node js-env code - post-init","    /* istanbul ignore next */","    case 'node':","        local.testCase_buildApidoc_default = local.testCase_buildApidoc_default || function (","            options,","            onError","        ) {","        /*","         * this function will test buildApidoc's default handling-behavior-behavior","         */","            options = { modulePathList: module.paths };","            local.buildApidoc(options, onError);","        };","","        local.testCase_buildApp_default = local.testCase_buildApp_default || function (","            options,","            onError","        ) {","        /*","         * this function will test buildApp's default handling-behavior-behavior","         */","            local.testCase_buildReadme_default(options, local.onErrorThrow);","            local.testCase_buildLib_default(options, local.onErrorThrow);","            local.testCase_buildTest_default(options, local.onErrorThrow);","            options = [];","            local.buildApp(options, onError);","        };","","        local.testCase_buildLib_default = local.testCase_buildLib_default || function (","            options,","            onError","        ) {","        /*","         * this function will test buildLib's default handling-behavior","         */","            options = {};","            local.buildLib(options, onError);","        };","","        local.testCase_buildReadme_default = local.testCase_buildReadme_default || function (","            options,","            onError","        ) {","        /*","         * this function will test buildReadme's default handling-behavior-behavior","         */","            options = {};","            local.buildReadme(options, onError);","        };","","        local.testCase_buildTest_default = local.testCase_buildTest_default || function (","            options,","            onError","        ) {","        /*","         * this function will test buildTest's default handling-behavior","         */","            options = {};","            local.buildTest(options, onError);","        };","","        local.testCase_webpage_default = local.testCase_webpage_default || function (","            options,","            onError","        ) {","        /*","         * this function will test webpage's default handling-behavior","         */","            options = { modeCoverageMerge: true, url: local.serverLocalHost + '?modeTest=1' };","            local.browserTest(options, onError);","        };","","        // run test-server","        local.testRunServer(local);","        break;","    }","}());",""],"l":{"12":2,"14":2,"19":2,"21":2,"23":2,"24":2,"25":2,"30":1,"37":2,"40":2,"43":1,"47":1,"50":1,"52":1,"55":2,"61":2,"62":2,"64":2,"70":1,"76":1,"82":2,"83":2,"85":2,"92":1,"95":1,"102":1,"109":1,"110":1,"113":1,"120":1,"121":1,"122":1,"123":1,"124":1,"127":1,"134":2,"135":2,"138":1,"145":2,"146":2,"149":1,"156":2,"157":2,"160":1,"167":1,"168":1,"172":1,"173":1}},"/home/travis/build/npmtest/node-npmtest-bcrypt-nodejs/lib.npmtest_bcrypt_nodejs.js":{"path":"/home/travis/build/npmtest/node-npmtest-bcrypt-nodejs/lib.npmtest_bcrypt_nodejs.js","s":{"1":2,"2":2,"3":2,"4":2,"5":2,"6":2,"7":2,"8":1,"9":2,"10":2,"11":2,"12":2,"13":1,"14":1,"15":1,"16":1},"b":{"1":[2,1,1,1],"2":[1,1,1,1],"3":[1,1],"4":[2,2],"5":[1,1]},"f":{"1":2,"2":2,"3":2},"fnMap":{"1":{"name":"(anonymous_1)","line":12,"loc":{"start":{"line":12,"column":1},"end":{"line":12,"column":13}}},"2":{"name":"(anonymous_2)","line":19,"loc":{"start":{"line":19,"column":5},"end":{"line":19,"column":17}}},"3":{"name":"(anonymous_3)","line":23,"loc":{"start":{"line":23,"column":24},"end":{"line":23,"column":36}}}},"statementMap":{"1":{"start":{"line":12,"column":0},"end":{"line":53,"column":5}},"2":{"start":{"line":14,"column":4},"end":{"line":14,"column":14}},"3":{"start":{"line":19,"column":4},"end":{"line":52,"column":9}},"4":{"start":{"line":21,"column":8},"end":{"line":21,"column":19}},"5":{"start":{"line":23,"column":8},"end":{"line":35,"column":13}},"6":{"start":{"line":24,"column":12},"end":{"line":34,"column":13}},"7":{"start":{"line":25,"column":16},"end":{"line":28,"column":30}},"8":{"start":{"line":30,"column":16},"end":{"line":33,"column":27}},"9":{"start":{"line":37,"column":8},"end":{"line":39,"column":21}},"10":{"start":{"line":41,"column":8},"end":{"line":41,"column":54}},"11":{"start":{"line":43,"column":8},"end":{"line":43,"column":58}},"12":{"start":{"line":45,"column":8},"end":{"line":51,"column":9}},"13":{"start":{"line":46,"column":12},"end":{"line":46,"column":64}},"14":{"start":{"line":48,"column":12},"end":{"line":48,"column":35}},"15":{"start":{"line":49,"column":12},"end":{"line":49,"column":49}},"16":{"start":{"line":50,"column":12},"end":{"line":50,"column":43}}},"branchMap":{"1":{"line":25,"type":"binary-expr","locations":[{"start":{"line":25,"column":23},"end":{"line":25,"column":62}},{"start":{"line":26,"column":20},"end":{"line":26,"column":70}},{"start":{"line":27,"column":20},"end":{"line":27,"column":71}},{"start":{"line":28,"column":20},"end":{"line":28,"column":29}}]},"2":{"line":30,"type":"binary-expr","locations":[{"start":{"line":30,"column":23},"end":{"line":30,"column":37}},{"start":{"line":31,"column":20},"end":{"line":31,"column":61}},{"start":{"line":32,"column":20},"end":{"line":32,"column":70}},{"start":{"line":33,"column":20},"end":{"line":33,"column":26}}]},"3":{"line":37,"type":"cond-expr","locations":[{"start":{"line":38,"column":14},"end":{"line":38,"column":20}},{"start":{"line":39,"column":14},"end":{"line":39,"column":20}}]},"4":{"line":41,"type":"binary-expr","locations":[{"start":{"line":41,"column":16},"end":{"line":41,"column":44}},{"start":{"line":41,"column":48},"end":{"line":41,"column":53}}]},"5":{"line":45,"type":"if","locations":[{"start":{"line":45,"column":8},"end":{"line":45,"column":8}},{"start":{"line":45,"column":8},"end":{"line":45,"column":8}}]}},"code":["/* istanbul instrument in package npmtest_bcrypt_nodejs */","/*jslint","    bitwise: true,","    browser: true,","    maxerr: 8,","    maxlen: 96,","    node: true,","    nomen: true,","    regexp: true,","    stupid: true","*/","(function () {","    'use strict';","    var local;","","","","    // run shared js-env code - pre-init","    (function () {","        // init local","        local = {};","        // init modeJs","        local.modeJs = (function () {","            try {","                return typeof navigator.userAgent === 'string' &&","                    typeof document.querySelector('body') === 'object' &&","                    typeof XMLHttpRequest.prototype.open === 'function' &&","                    'browser';","            } catch (errorCaughtBrowser) {","                return module.exports &&","                    typeof process.versions.node === 'string' &&","                    typeof require('http').createServer === 'function' &&","                    'node';","            }","        }());","        // init global","        local.global = local.modeJs === 'browser'","            ? window","            : global;","        // init utility2_rollup","        local = local.global.utility2_rollup || local;","        // init lib","        local.local = local.npmtest_bcrypt_nodejs = local;","        // init exports","        if (local.modeJs === 'browser') {","            local.global.utility2_npmtest_bcrypt_nodejs = local;","        } else {","            module.exports = local;","            module.exports.__dirname = __dirname;","            module.exports.module = module;","        }","    }());","}());",""],"l":{"12":2,"14":2,"19":2,"21":2,"23":2,"24":2,"25":2,"30":1,"37":2,"41":2,"43":2,"45":2,"46":1,"48":1,"49":1,"50":1}},"/home/travis/build/npmtest/node-npmtest-bcrypt-nodejs/example.js":{"path":"/home/travis/build/npmtest/node-npmtest-bcrypt-nodejs/example.js","s":{"1":2,"2":2,"3":2,"4":2,"5":2,"6":2,"7":2,"8":1,"9":2,"10":2,"11":2,"12":2,"13":1,"14":2,"15":2,"16":2,"17":2,"18":2,"19":0,"20":2,"21":1,"22":1,"23":1,"24":1,"25":1,"26":0,"27":0,"28":1,"29":1,"30":2,"31":0,"32":0,"33":0,"34":1,"35":2,"36":2,"37":2,"38":2,"39":2,"40":2,"41":0,"42":2,"43":2,"44":2,"45":1,"46":3,"47":1,"48":1,"49":1,"50":1,"51":1,"52":1,"53":1,"54":1,"55":1,"56":1,"57":0,"58":1,"59":6,"60":6,"61":1,"62":2,"63":0,"64":2,"65":1,"66":1,"67":0,"68":0,"69":0,"70":0,"71":0,"72":0,"73":0,"74":0,"75":0,"76":0,"77":0,"78":0,"79":0,"80":0,"81":0,"82":0,"83":0},"b":{"1":[2,1,1,1],"2":[1,1,1,1],"3":[1,1],"4":[2,2],"5":[1,1],"6":[1,1],"7":[2,0],"8":[2,1,1,1,1,1],"9":[0,2,0],"10":[1,1],"11":[2,1,1],"12":[1,0],"13":[0,2],"14":[2,0,0,0,0,0,0],"15":[0,2],"16":[2,0],"17":[1,1],"18":[0,1],"19":[1,2,0,2],"20":[1,0],"21":[1,1],"22":[0,0],"23":[0,0],"24":[0,0],"25":[0,0],"26":[0,0],"27":[0,0],"28":[0,0]},"f":{"1":2,"2":2,"3":2,"4":2,"5":2,"6":2,"7":2,"8":2,"9":3,"10":1,"11":6,"12":0},"fnMap":{"1":{"name":"(anonymous_1)","line":26,"loc":{"start":{"line":26,"column":1},"end":{"line":26,"column":13}}},"2":{"name":"(anonymous_2)","line":33,"loc":{"start":{"line":33,"column":5},"end":{"line":33,"column":17}}},"3":{"name":"(anonymous_3)","line":37,"loc":{"start":{"line":37,"column":24},"end":{"line":37,"column":36}}},"4":{"name":"(anonymous_4)","line":69,"loc":{"start":{"line":69,"column":31},"end":{"line":69,"column":48}},"skip":true},"5":{"name":"(anonymous_5)","line":78,"loc":{"start":{"line":78,"column":26},"end":{"line":78,"column":45}},"skip":true},"6":{"name":"(anonymous_6)","line":123,"loc":{"start":{"line":123,"column":33},"end":{"line":123,"column":48}},"skip":true},"7":{"name":"(anonymous_7)","line":125,"loc":{"start":{"line":125,"column":27},"end":{"line":125,"column":39}},"skip":true},"8":{"name":"(anonymous_8)","line":133,"loc":{"start":{"line":133,"column":59},"end":{"line":133,"column":74}},"skip":true},"9":{"name":"(anonymous_9)","line":143,"loc":{"start":{"line":143,"column":45},"end":{"line":143,"column":62}},"skip":true},"10":{"name":"(anonymous_10)","line":144,"loc":{"start":{"line":144,"column":73},"end":{"line":144,"column":92}},"skip":true},"11":{"name":"(anonymous_11)","line":272,"loc":{"start":{"line":272,"column":51},"end":{"line":272,"column":77}},"skip":true},"12":{"name":"(anonymous_12)","line":314,"loc":{"start":{"line":314,"column":32},"end":{"line":314,"column":61}},"skip":true}},"statementMap":{"1":{"start":{"line":26,"column":0},"end":{"line":325,"column":5}},"2":{"start":{"line":28,"column":4},"end":{"line":28,"column":14}},"3":{"start":{"line":33,"column":4},"end":{"line":60,"column":9}},"4":{"start":{"line":35,"column":8},"end":{"line":35,"column":19}},"5":{"start":{"line":37,"column":8},"end":{"line":49,"column":13}},"6":{"start":{"line":38,"column":12},"end":{"line":48,"column":13}},"7":{"start":{"line":39,"column":16},"end":{"line":42,"column":30}},"8":{"start":{"line":44,"column":16},"end":{"line":47,"column":27}},"9":{"start":{"line":51,"column":8},"end":{"line":53,"column":21}},"10":{"start":{"line":55,"column":8},"end":{"line":57,"column":45}},"11":{"start":{"line":59,"column":8},"end":{"line":59,"column":35}},"12":{"start":{"line":61,"column":4},"end":{"line":324,"column":5}},"13":{"start":{"line":69,"column":8},"end":{"line":121,"column":10},"skip":true},"14":{"start":{"line":70,"column":12},"end":{"line":88,"column":13},"skip":true},"15":{"start":{"line":76,"column":16},"end":{"line":87,"column":19},"skip":true},"16":{"start":{"line":79,"column":20},"end":{"line":86,"column":21},"skip":true},"17":{"start":{"line":82,"column":24},"end":{"line":82,"column":43},"skip":true},"18":{"start":{"line":83,"column":24},"end":{"line":83,"column":30},"skip":true},"19":{"start":{"line":85,"column":24},"end":{"line":85,"column":49},"skip":true},"20":{"start":{"line":89,"column":12},"end":{"line":107,"column":13},"skip":true},"21":{"start":{"line":92,"column":16},"end":{"line":102,"column":17},"skip":true},"22":{"start":{"line":93,"column":20},"end":{"line":93,"column":86},"skip":true},"23":{"start":{"line":94,"column":20},"end":{"line":95,"column":45},"skip":true},"24":{"start":{"line":96,"column":20},"end":{"line":96,"column":42},"skip":true},"25":{"start":{"line":97,"column":20},"end":{"line":97,"column":48},"skip":true},"26":{"start":{"line":100,"column":20},"end":{"line":100,"column":85},"skip":true},"27":{"start":{"line":101,"column":20},"end":{"line":101,"column":96},"skip":true},"28":{"start":{"line":103,"column":16},"end":{"line":103,"column":22},"skip":true},"29":{"start":{"line":106,"column":16},"end":{"line":106,"column":22},"skip":true},"30":{"start":{"line":108,"column":12},"end":{"line":120,"column":13},"skip":true},"31":{"start":{"line":114,"column":16},"end":{"line":119,"column":17},"skip":true},"32":{"start":{"line":116,"column":20},"end":{"line":116,"column":78},"skip":true},"33":{"start":{"line":118,"column":20},"end":{"line":118,"column":53},"skip":true},"34":{"start":{"line":123,"column":8},"end":{"line":141,"column":11},"skip":true},"35":{"start":{"line":124,"column":12},"end":{"line":124,"column":54},"skip":true},"36":{"start":{"line":125,"column":12},"end":{"line":140,"column":14},"skip":true},"37":{"start":{"line":126,"column":16},"end":{"line":126,"column":28},"skip":true},"38":{"start":{"line":127,"column":16},"end":{"line":127,"column":69},"skip":true},"39":{"start":{"line":128,"column":16},"end":{"line":128,"column":75},"skip":true},"40":{"start":{"line":129,"column":16},"end":{"line":131,"column":17},"skip":true},"41":{"start":{"line":130,"column":20},"end":{"line":130,"column":27},"skip":true},"42":{"start":{"line":133,"column":16},"end":{"line":137,"column":36},"skip":true},"43":{"start":{"line":134,"column":20},"end":{"line":136,"column":55},"skip":true},"44":{"start":{"line":139,"column":16},"end":{"line":139,"column":57},"skip":true},"45":{"start":{"line":143,"column":8},"end":{"line":147,"column":11},"skip":true},"46":{"start":{"line":144,"column":12},"end":{"line":146,"column":15},"skip":true},"47":{"start":{"line":145,"column":16},"end":{"line":145,"column":70},"skip":true},"48":{"start":{"line":149,"column":8},"end":{"line":149,"column":31},"skip":true},"49":{"start":{"line":150,"column":8},"end":{"line":150,"column":14},"skip":true},"50":{"start":{"line":158,"column":8},"end":{"line":158,"column":31},"skip":true},"51":{"start":{"line":160,"column":8},"end":{"line":160,"column":33},"skip":true},"52":{"start":{"line":161,"column":8},"end":{"line":161,"column":37},"skip":true},"53":{"start":{"line":162,"column":8},"end":{"line":162,"column":35},"skip":true},"54":{"start":{"line":164,"column":8},"end":{"line":164,"column":50},"skip":true},"55":{"start":{"line":166,"column":8},"end":{"line":256,"column":2},"skip":true},"56":{"start":{"line":258,"column":8},"end":{"line":286,"column":9},"skip":true},"57":{"start":{"line":259,"column":12},"end":{"line":269,"column":14},"skip":true},"58":{"start":{"line":271,"column":12},"end":{"line":285,"column":19},"skip":true},"59":{"start":{"line":274,"column":20},"end":{"line":274,"column":35},"skip":true},"60":{"start":{"line":275,"column":20},"end":{"line":284,"column":21},"skip":true},"61":{"start":{"line":277,"column":24},"end":{"line":277,"column":64},"skip":true},"62":{"start":{"line":279,"column":24},"end":{"line":279,"column":40},"skip":true},"63":{"start":{"line":281,"column":24},"end":{"line":281,"column":40},"skip":true},"64":{"start":{"line":283,"column":24},"end":{"line":283,"column":39},"skip":true},"65":{"start":{"line":288,"column":8},"end":{"line":290,"column":9},"skip":true},"66":{"start":{"line":289,"column":12},"end":{"line":289,"column":18},"skip":true},"67":{"start":{"line":291,"column":8},"end":{"line":293,"column":54},"skip":true},"68":{"start":{"line":294,"column":8},"end":{"line":301,"column":37},"skip":true},"69":{"start":{"line":302,"column":8},"end":{"line":302,"column":82},"skip":true},"70":{"start":{"line":305,"column":8},"end":{"line":307,"column":9},"skip":true},"71":{"start":{"line":306,"column":12},"end":{"line":306,"column":82},"skip":true},"72":{"start":{"line":309,"column":8},"end":{"line":311,"column":9},"skip":true},"73":{"start":{"line":310,"column":12},"end":{"line":310,"column":18},"skip":true},"74":{"start":{"line":312,"column":8},"end":{"line":312,"column":54},"skip":true},"75":{"start":{"line":313,"column":8},"end":{"line":313,"column":69},"skip":true},"76":{"start":{"line":314,"column":8},"end":{"line":322,"column":36},"skip":true},"77":{"start":{"line":315,"column":12},"end":{"line":315,"column":61},"skip":true},"78":{"start":{"line":316,"column":12},"end":{"line":319,"column":13},"skip":true},"79":{"start":{"line":317,"column":16},"end":{"line":317,"column":75},"skip":true},"80":{"start":{"line":318,"column":16},"end":{"line":318,"column":23},"skip":true},"81":{"start":{"line":320,"column":12},"end":{"line":320,"column":38},"skip":true},"82":{"start":{"line":321,"column":12},"end":{"line":321,"column":27},"skip":true},"83":{"start":{"line":323,"column":8},"end":{"line":323,"column":14},"skip":true}},"branchMap":{"1":{"line":39,"type":"binary-expr","locations":[{"start":{"line":39,"column":23},"end":{"line":39,"column":62}},{"start":{"line":40,"column":20},"end":{"line":40,"column":70}},{"start":{"line":41,"column":20},"end":{"line":41,"column":71}},{"start":{"line":42,"column":20},"end":{"line":42,"column":29}}]},"2":{"line":44,"type":"binary-expr","locations":[{"start":{"line":44,"column":23},"end":{"line":44,"column":37}},{"start":{"line":45,"column":20},"end":{"line":45,"column":61}},{"start":{"line":46,"column":20},"end":{"line":46,"column":70}},{"start":{"line":47,"column":20},"end":{"line":47,"column":26}}]},"3":{"line":51,"type":"cond-expr","locations":[{"start":{"line":52,"column":14},"end":{"line":52,"column":20}},{"start":{"line":53,"column":14},"end":{"line":53,"column":20}}]},"4":{"line":55,"type":"binary-expr","locations":[{"start":{"line":55,"column":16},"end":{"line":55,"column":44}},{"start":{"line":55,"column":49},"end":{"line":57,"column":43}}]},"5":{"line":55,"type":"cond-expr","locations":[{"start":{"line":56,"column":14},"end":{"line":56,"column":57}},{"start":{"line":57,"column":14},"end":{"line":57,"column":43}}]},"6":{"line":61,"type":"switch","locations":[{"start":{"line":68,"column":4},"end":{"line":150,"column":14},"skip":true},{"start":{"line":156,"column":4},"end":{"line":323,"column":14},"skip":true}]},"7":{"line":70,"type":"if","locations":[{"start":{"line":70,"column":12},"end":{"line":70,"column":12},"skip":true},{"start":{"line":70,"column":12},"end":{"line":70,"column":12},"skip":true}]},"8":{"line":70,"type":"binary-expr","locations":[{"start":{"line":70,"column":16},"end":{"line":70,"column":22},"skip":true},{"start":{"line":70,"column":27},"end":{"line":70,"column":32},"skip":true},{"start":{"line":71,"column":20},"end":{"line":71,"column":39},"skip":true},{"start":{"line":72,"column":20},"end":{"line":72,"column":49},"skip":true},{"start":{"line":73,"column":20},"end":{"line":73,"column":58},"skip":true},{"start":{"line":74,"column":20},"end":{"line":74,"column":69},"skip":true}]},"9":{"line":79,"type":"switch","locations":[{"start":{"line":80,"column":20},"end":{"line":80,"column":33},"skip":true},{"start":{"line":81,"column":20},"end":{"line":83,"column":30},"skip":true},{"start":{"line":84,"column":20},"end":{"line":85,"column":49},"skip":true}]},"10":{"line":89,"type":"switch","locations":[{"start":{"line":90,"column":12},"end":{"line":103,"column":22},"skip":true},{"start":{"line":105,"column":12},"end":{"line":106,"column":22},"skip":true}]},"11":{"line":89,"type":"binary-expr","locations":[{"start":{"line":89,"column":20},"end":{"line":89,"column":25},"skip":true},{"start":{"line":89,"column":29},"end":{"line":89,"column":48},"skip":true},{"start":{"line":89,"column":52},"end":{"line":89,"column":74},"skip":true}]},"12":{"line":92,"type":"if","locations":[{"start":{"line":92,"column":16},"end":{"line":92,"column":16},"skip":true},{"start":{"line":92,"column":16},"end":{"line":92,"column":16},"skip":true}]},"13":{"line":108,"type":"if","locations":[{"start":{"line":108,"column":12},"end":{"line":108,"column":12},"skip":true},{"start":{"line":108,"column":12},"end":{"line":108,"column":12},"skip":true}]},"14":{"line":108,"type":"binary-expr","locations":[{"start":{"line":108,"column":16},"end":{"line":108,"column":61},"skip":true},{"start":{"line":108,"column":66},"end":{"line":108,"column":72},"skip":true},{"start":{"line":108,"column":77},"end":{"line":108,"column":82},"skip":true},{"start":{"line":109,"column":20},"end":{"line":109,"column":39},"skip":true},{"start":{"line":110,"column":20},"end":{"line":110,"column":49},"skip":true},{"start":{"line":111,"column":20},"end":{"line":111,"column":58},"skip":true},{"start":{"line":112,"column":20},"end":{"line":112,"column":68},"skip":true}]},"15":{"line":129,"type":"if","locations":[{"start":{"line":129,"column":16},"end":{"line":129,"column":16},"skip":true},{"start":{"line":129,"column":16},"end":{"line":129,"column":16},"skip":true}]},"16":{"line":134,"type":"cond-expr","locations":[{"start":{"line":135,"column":26},"end":{"line":135,"column":29},"skip":true},{"start":{"line":136,"column":26},"end":{"line":136,"column":54},"skip":true}]},"17":{"line":164,"type":"binary-expr","locations":[{"start":{"line":164,"column":27},"end":{"line":164,"column":43},"skip":true},{"start":{"line":164,"column":47},"end":{"line":164,"column":49},"skip":true}]},"18":{"line":258,"type":"if","locations":[{"start":{"line":258,"column":8},"end":{"line":258,"column":8},"skip":true},{"start":{"line":258,"column":8},"end":{"line":258,"column":8},"skip":true}]},"19":{"line":275,"type":"switch","locations":[{"start":{"line":276,"column":20},"end":{"line":277,"column":64},"skip":true},{"start":{"line":278,"column":20},"end":{"line":279,"column":40},"skip":true},{"start":{"line":280,"column":20},"end":{"line":281,"column":40},"skip":true},{"start":{"line":282,"column":20},"end":{"line":283,"column":39},"skip":true}]},"20":{"line":288,"type":"if","locations":[{"start":{"line":288,"column":8},"end":{"line":288,"column":8},"skip":true},{"start":{"line":288,"column":8},"end":{"line":288,"column":8},"skip":true}]},"21":{"line":288,"type":"binary-expr","locations":[{"start":{"line":288,"column":12},"end":{"line":288,"column":40},"skip":true},{"start":{"line":288,"column":44},"end":{"line":288,"column":67},"skip":true}]},"22":{"line":292,"type":"binary-expr","locations":[{"start":{"line":292,"column":12},"end":{"line":292,"column":50},"skip":true},{"start":{"line":293,"column":12},"end":{"line":293,"column":53},"skip":true}]},"23":{"line":295,"type":"binary-expr","locations":[{"start":{"line":295,"column":12},"end":{"line":295,"column":71},"skip":true},{"start":{"line":296,"column":12},"end":{"line":301,"column":36},"skip":true}]},"24":{"line":302,"type":"binary-expr","locations":[{"start":{"line":302,"column":43},"end":{"line":302,"column":75},"skip":true},{"start":{"line":302,"column":79},"end":{"line":302,"column":81},"skip":true}]},"25":{"line":305,"type":"if","locations":[{"start":{"line":305,"column":8},"end":{"line":305,"column":8},"skip":true},{"start":{"line":305,"column":8},"end":{"line":305,"column":8},"skip":true}]},"26":{"line":309,"type":"if","locations":[{"start":{"line":309,"column":8},"end":{"line":309,"column":8},"skip":true},{"start":{"line":309,"column":8},"end":{"line":309,"column":8},"skip":true}]},"27":{"line":312,"type":"binary-expr","locations":[{"start":{"line":312,"column":27},"end":{"line":312,"column":43},"skip":true},{"start":{"line":312,"column":47},"end":{"line":312,"column":53},"skip":true}]},"28":{"line":316,"type":"if","locations":[{"start":{"line":316,"column":12},"end":{"line":316,"column":12},"skip":true},{"start":{"line":316,"column":12},"end":{"line":316,"column":12},"skip":true}]}},"code":["/*","example.js","","quickstart example","","instruction","    1. save this script as example.js","    2. run the shell command:","        $ npm install npmtest-bcrypt-nodejs && PORT=8081 node example.js","    3. play with the browser-demo on http://127.0.0.1:8081","*/","","","","/* istanbul instrument in package npmtest_bcrypt_nodejs */","/*jslint","    bitwise: true,","    browser: true,","    maxerr: 8,","    maxlen: 96,","    node: true,","    nomen: true,","    regexp: true,","    stupid: true","*/","(function () {","    'use strict';","    var local;","","","","    // run shared js-env code - pre-init","    (function () {","        // init local","        local = {};","        // init modeJs","        local.modeJs = (function () {","            try {","                return typeof navigator.userAgent === 'string' &&","                    typeof document.querySelector('body') === 'object' &&","                    typeof XMLHttpRequest.prototype.open === 'function' &&","                    'browser';","            } catch (errorCaughtBrowser) {","                return module.exports &&","                    typeof process.versions.node === 'string' &&","                    typeof require('http').createServer === 'function' &&","                    'node';","            }","        }());","        // init global","        local.global = local.modeJs === 'browser'","            ? window","            : global;","        // init utility2_rollup","        local = local.global.utility2_rollup || (local.modeJs === 'browser'","            ? local.global.utility2_npmtest_bcrypt_nodejs","            : global.utility2_moduleExports);","        // export local","        local.global.local = local;","    }());","    switch (local.modeJs) {","","","","    // post-init","    // run browser js-env code - post-init","    /* istanbul ignore next */","    case 'browser':","        local.testRunBrowser = function (event) {","            if (!event || (event &&","                    event.currentTarget &&","                    event.currentTarget.className &&","                    event.currentTarget.className.includes &&","                    event.currentTarget.className.includes('onreset'))) {","                // reset output","                Array.from(","                    document.querySelectorAll('body > .resettable')","                ).forEach(function (element) {","                    switch (element.tagName) {","                    case 'INPUT':","                    case 'TEXTAREA':","                        element.value = '';","                        break;","                    default:","                        element.textContent = '';","                    }","                });","            }","            switch (event && event.currentTarget && event.currentTarget.id) {","            case 'testRunButton1':","                // show tests","                if (document.querySelector('#testReportDiv1').style.display === 'none') {","                    document.querySelector('#testReportDiv1').style.display = 'block';","                    document.querySelector('#testRunButton1').textContent =","                        'hide internal test';","                    local.modeTest = true;","                    local.testRunDefault(local);","                // hide tests","                } else {","                    document.querySelector('#testReportDiv1').style.display = 'none';","                    document.querySelector('#testRunButton1').textContent = 'run internal test';","                }","                break;","            // custom-case","            default:","                break;","            }","            if (document.querySelector('#inputTextareaEval1') && (!event || (event &&","                    event.currentTarget &&","                    event.currentTarget.className &&","                    event.currentTarget.className.includes &&","                    event.currentTarget.className.includes('oneval')))) {","                // try to eval input-code","                try {","                    /*jslint evil: true*/","                    eval(document.querySelector('#inputTextareaEval1').value);","                } catch (errorCaught) {","                    console.error(errorCaught.stack);","                }","            }","        };","        // log stderr and stdout to #outputTextareaStdout1","        ['error', 'log'].forEach(function (key) {","            console[key + '_original'] = console[key];","            console[key] = function () {","                var element;","                console[key + '_original'].apply(console, arguments);","                element = document.querySelector('#outputTextareaStdout1');","                if (!element) {","                    return;","                }","                // append text to #outputTextareaStdout1","                element.value += Array.from(arguments).map(function (arg) {","                    return typeof arg === 'string'","                        ? arg","                        : JSON.stringify(arg, null, 4);","                }).join(' ') + '\\n';","                // scroll textarea to bottom","                element.scrollTop = element.scrollHeight;","            };","        });","        // init event-handling","        ['change', 'click', 'keyup'].forEach(function (event) {","            Array.from(document.querySelectorAll('.on' + event)).forEach(function (element) {","                element.addEventListener(event, local.testRunBrowser);","            });","        });","        // run tests","        local.testRunBrowser();","        break;","","","","    // run node js-env code - post-init","    /* istanbul ignore next */","    case 'node':","        // export local","        module.exports = local;","        // require modules","        local.fs = require('fs');","        local.http = require('http');","        local.url = require('url');","        // init assets","        local.assetsDict = local.assetsDict || {};","        /* jslint-ignore-begin */","        local.assetsDict['/assets.index.template.html'] = '\\","<!doctype html>\\n\\","<html lang=\"en\">\\n\\","<head>\\n\\","<meta charset=\"UTF-8\">\\n\\","<meta name=\"viewport\" content=\"width=device-width, initial-scale=1\">\\n\\","<title>{{env.npm_package_name}} (v{{env.npm_package_version}})</title>\\n\\","<style>\\n\\","/*csslint\\n\\","    box-sizing: false,\\n\\","    universal-selector: false\\n\\","*/\\n\\","* {\\n\\","    box-sizing: border-box;\\n\\","}\\n\\","body {\\n\\","    background: #dde;\\n\\","    font-family: Arial, Helvetica, sans-serif;\\n\\","    margin: 2rem;\\n\\","}\\n\\","body > * {\\n\\","    margin-bottom: 1rem;\\n\\","}\\n\\",".utility2FooterDiv {\\n\\","    margin-top: 20px;\\n\\","    text-align: center;\\n\\","}\\n\\","</style>\\n\\","<style>\\n\\","/*csslint\\n\\","*/\\n\\","textarea {\\n\\","    font-family: monospace;\\n\\","    height: 10rem;\\n\\","    width: 100%;\\n\\","}\\n\\","textarea[readonly] {\\n\\","    background: #ddd;\\n\\","}\\n\\","</style>\\n\\","</head>\\n\\","<body>\\n\\","<!-- utility2-comment\\n\\","<div id=\"ajaxProgressDiv1\" style=\"background: #d00; height: 2px; left: 0; margin: 0; padding: 0; position: fixed; top: 0; transition: background 0.5s, width 1.5s; width: 25%;\"></div>\\n\\","utility2-comment -->\\n\\","<h1>\\n\\","<!-- utility2-comment\\n\\","    <a\\n\\","        {{#if env.npm_package_homepage}}\\n\\","        href=\"{{env.npm_package_homepage}}\"\\n\\","        {{/if env.npm_package_homepage}}\\n\\","        target=\"_blank\"\\n\\","    >\\n\\","utility2-comment -->\\n\\","        {{env.npm_package_name}} (v{{env.npm_package_version}})\\n\\","<!-- utility2-comment\\n\\","    </a>\\n\\","utility2-comment -->\\n\\","</h1>\\n\\","<h3>{{env.npm_package_description}}</h3>\\n\\","<!-- utility2-comment\\n\\","<h4><a download href=\"assets.app.js\">download standalone app</a></h4>\\n\\","<button class=\"onclick onreset\" id=\"testRunButton1\">run internal test</button><br>\\n\\","<div id=\"testReportDiv1\" style=\"display: none;\"></div>\\n\\","utility2-comment -->\\n\\","\\n\\","\\n\\","\\n\\","<label>stderr and stdout</label>\\n\\","<textarea class=\"resettable\" id=\"outputTextareaStdout1\" readonly></textarea>\\n\\","<!-- utility2-comment\\n\\","{{#if isRollup}}\\n\\","<script src=\"assets.app.js\"></script>\\n\\","{{#unless isRollup}}\\n\\","utility2-comment -->\\n\\","<script src=\"assets.utility2.rollup.js\"></script>\\n\\","<script src=\"jsonp.utility2._stateInit?callback=window.utility2._stateInit\"></script>\\n\\","<script src=\"assets.npmtest_bcrypt_nodejs.rollup.js\"></script>\\n\\","<script src=\"assets.example.js\"></script>\\n\\","<script src=\"assets.test.js\"></script>\\n\\","<!-- utility2-comment\\n\\","{{/if isRollup}}\\n\\","utility2-comment -->\\n\\","<div class=\"utility2FooterDiv\">\\n\\","    [ this app was created with\\n\\","    <a href=\"https://github.com/kaizhu256/node-utility2\" target=\"_blank\">utility2</a>\\n\\","    ]\\n\\","</div>\\n\\","</body>\\n\\","</html>\\n\\","';","        /* jslint-ignore-end */","        if (local.templateRender) {","            local.assetsDict['/'] = local.templateRender(","                local.assetsDict['/assets.index.template.html'],","                {","                    env: local.objectSetDefault(local.env, {","                        npm_package_description: 'the greatest app in the world!',","                        npm_package_name: 'my-app',","                        npm_package_nameAlias: 'my_app',","                        npm_package_version: '0.0.1'","                    })","                }","            );","        } else {","            local.assetsDict['/'] = local.assetsDict['/assets.index.template.html']","                .replace((/\\{\\{env\\.(\\w+?)\\}\\}/g), function (match0, match1) {","                    // jslint-hack","                    String(match0);","                    switch (match1) {","                    case 'npm_package_description':","                        return 'the greatest app in the world!';","                    case 'npm_package_name':","                        return 'my-app';","                    case 'npm_package_nameAlias':","                        return 'my_app';","                    case 'npm_package_version':","                        return '0.0.1';","                    }","                });","        }","        // run the cli","        if (local.global.utility2_rollup || module !== require.main) {","            break;","        }","        local.assetsDict['/assets.example.js'] =","            local.assetsDict['/assets.example.js'] ||","            local.fs.readFileSync(__filename, 'utf8');","        local.assetsDict['/assets.npmtest_bcrypt_nodejs.rollup.js'] =","            local.assetsDict['/assets.npmtest_bcrypt_nodejs.rollup.js'] ||","            local.fs.readFileSync(","                // buildCustomOrg-hack","                local.npmtest_bcrypt_nodejs.__dirname +","                    '/lib.npmtest_bcrypt_nodejs.js',","                'utf8'","            ).replace((/^#!/), '//');","        local.assetsDict['/favicon.ico'] = local.assetsDict['/favicon.ico'] || '';","        // if $npm_config_timeout_exit exists,","        // then exit this process after $npm_config_timeout_exit ms","        if (Number(process.env.npm_config_timeout_exit)) {","            setTimeout(process.exit, Number(process.env.npm_config_timeout_exit));","        }","        // start server","        if (local.global.utility2_serverHttp1) {","            break;","        }","        process.env.PORT = process.env.PORT || '8081';","        console.error('server starting on port ' + process.env.PORT);","        local.http.createServer(function (request, response) {","            request.urlParsed = local.url.parse(request.url);","            if (local.assetsDict[request.urlParsed.pathname] !== undefined) {","                response.end(local.assetsDict[request.urlParsed.pathname]);","                return;","            }","            response.statusCode = 404;","            response.end();","        }).listen(process.env.PORT);","        break;","    }","}());",""],"l":{"26":2,"28":2,"33":2,"35":2,"37":2,"38":2,"39":2,"44":1,"51":2,"55":2,"59":2,"61":2,"69":1,"70":2,"76":2,"79":2,"82":2,"83":2,"85":1,"89":2,"92":1,"93":1,"94":1,"96":1,"97":1,"100":1,"101":1,"103":1,"106":1,"108":2,"114":1,"116":1,"118":1,"123":1,"124":2,"125":2,"126":2,"127":2,"128":2,"129":2,"130":1,"133":2,"134":2,"139":2,"143":1,"144":3,"145":1,"149":1,"150":1,"158":1,"160":1,"161":1,"162":1,"164":1,"166":1,"258":1,"259":1,"271":1,"274":6,"275":6,"277":1,"279":2,"281":1,"283":2,"288":1,"289":1,"291":1,"294":1,"302":1,"305":1,"306":1,"309":1,"310":1,"312":1,"313":1,"314":1,"315":1,"316":1,"317":1,"318":1,"320":1,"321":1,"323":1}},"/home/travis/build/npmtest/node-npmtest-bcrypt-nodejs/bcrypt-nodejs/bCrypt.js":{"path":"/home/travis/build/npmtest/node-npmtest-bcrypt-nodejs/bcrypt-nodejs/bCrypt.js","s":{"1":1,"2":1,"3":1,"4":1,"5":1,"6":1,"7":1,"8":1,"9":1,"10":1,"11":1,"12":0,"13":0,"14":0,"15":0,"16":0,"17":0,"18":0,"19":1,"20":0,"21":0,"22":0,"23":0,"24":0,"25":0,"26":0,"27":0,"28":0,"29":0,"30":0,"31":0,"32":0,"33":0,"34":0,"35":0,"36":0,"37":0,"38":0,"39":0,"40":0,"41":0,"42":0,"43":0,"44":0,"45":1,"46":0,"47":0,"48":0,"49":0,"50":1,"51":0,"52":0,"53":0,"54":0,"55":0,"56":0,"57":0,"58":0,"59":0,"60":0,"61":0,"62":0,"63":0,"64":0,"65":0,"66":0,"67":0,"68":0,"69":0,"70":0,"71":0,"72":0,"73":0,"74":0,"75":0,"76":0,"77":0,"78":0,"79":0,"80":0,"81":0,"82":0,"83":0,"84":0,"85":1,"86":0,"87":0,"88":0,"89":0,"90":0,"91":0,"92":0,"93":0,"94":0,"95":0,"96":0,"97":0,"98":0,"99":0,"100":0,"101":0,"102":0,"103":0,"104":0,"105":1,"106":0,"107":0,"108":0,"109":0,"110":0,"111":0,"112":1,"113":0,"114":0,"115":0,"116":0,"117":0,"118":0,"119":0,"120":0,"121":0,"122":0,"123":0,"124":0,"125":0,"126":0,"127":0,"128":0,"129":0,"130":1,"131":0,"132":0,"133":0,"134":0,"135":0,"136":0,"137":0,"138":0,"139":0,"140":0,"141":0,"142":0,"143":0,"144":0,"145":0,"146":0,"147":0,"148":0,"149":0,"150":0,"151":0,"152":0,"153":0,"154":0,"155":0,"156":0,"157":0,"158":0,"159":0,"160":0,"161":0,"162":1,"163":0,"164":0,"165":0,"166":0,"167":0,"168":0,"169":0,"170":0,"171":0,"172":0,"173":0,"174":0,"175":0,"176":0,"177":0,"178":0,"179":0,"180":0,"181":0,"182":0,"183":0,"184":0,"185":0,"186":0,"187":0,"188":0,"189":0,"190":0,"191":0,"192":0,"193":0,"194":0,"195":0,"196":0,"197":0,"198":0,"199":1,"200":0,"201":0,"202":0,"203":0,"204":0,"205":0,"206":0,"207":0,"208":0,"209":0,"210":0,"211":0,"212":0,"213":0,"214":0,"215":0,"216":0,"217":0,"218":0,"219":0,"220":0,"221":0,"222":0,"223":0,"224":0,"225":0,"226":0,"227":0,"228":0,"229":0,"230":0,"231":0,"232":0,"233":0,"234":0,"235":0,"236":0,"237":0,"238":0,"239":0,"240":0,"241":1,"242":0,"243":0,"244":0,"245":0,"246":0,"247":0,"248":0,"249":0,"250":0,"251":0,"252":0,"253":0,"254":0,"255":0,"256":0,"257":1,"258":0,"259":0,"260":0,"261":1,"262":0,"263":0,"264":0,"265":0,"266":0,"267":0,"268":0,"269":0,"270":0,"271":1,"272":0,"273":0,"274":0,"275":1,"276":0,"277":0,"278":0,"279":0,"280":0,"281":0,"282":0,"283":0,"284":0,"285":1,"286":0,"287":0,"288":0,"289":0,"290":0,"291":0,"292":0,"293":0,"294":0,"295":0,"296":0,"297":0,"298":0,"299":0,"300":1,"301":0,"302":0,"303":0,"304":0,"305":0,"306":0,"307":0,"308":0,"309":0,"310":1,"311":0,"312":0,"313":0,"314":1,"315":1,"316":1,"317":1,"318":1,"319":1,"320":1},"b":{"1":[0,0],"2":[0,0],"3":[0,0],"4":[0,0],"5":[0,0],"6":[0,0],"7":[0,0],"8":[0,0],"9":[0,0],"10":[0,0],"11":[0,0],"12":[0,0],"13":[0,0],"14":[0,0],"15":[0,0],"16":[0,0],"17":[0,0],"18":[0,0],"19":[0,0],"20":[0,0],"21":[0,0],"22":[0,0],"23":[0,0],"24":[0,0],"25":[0,0],"26":[0,0],"27":[0,0],"28":[0,0],"29":[0,0],"30":[0,0],"31":[0,0],"32":[0,0],"33":[0,0],"34":[0,0],"35":[0,0],"36":[0,0],"37":[0,0],"38":[0,0],"39":[0,0],"40":[0,0],"41":[0,0],"42":[0,0],"43":[0,0],"44":[0,0],"45":[0,0,0],"46":[0,0],"47":[0,0]},"f":{"1":0,"2":0,"3":0,"4":0,"5":0,"6":0,"7":0,"8":0,"9":0,"10":0,"11":0,"12":0,"13":0,"14":0,"15":0,"16":0,"17":0,"18":0,"19":0,"20":0,"21":0,"22":0},"fnMap":{"1":{"name":"getByte","line":235,"loc":{"start":{"line":235,"column":0},"end":{"line":235,"column":20}}},"2":{"name":"encode_base64","line":249,"loc":{"start":{"line":249,"column":0},"end":{"line":249,"column":31}}},"3":{"name":"char64","line":280,"loc":{"start":{"line":280,"column":0},"end":{"line":280,"column":19}}},"4":{"name":"decode_base64","line":288,"loc":{"start":{"line":288,"column":0},"end":{"line":288,"column":35}}},"5":{"name":"encipher","line":330,"loc":{"start":{"line":330,"column":0},"end":{"line":330,"column":33}}},"6":{"name":"streamtoword","line":357,"loc":{"start":{"line":357,"column":0},"end":{"line":357,"column":34}}},"7":{"name":"key","line":367,"loc":{"start":{"line":367,"column":0},"end":{"line":367,"column":24}}},"8":{"name":"ekskey","line":392,"loc":{"start":{"line":392,"column":0},"end":{"line":392,"column":33}}},"9":{"name":"crypt_raw","line":434,"loc":{"start":{"line":434,"column":0},"end":{"line":434,"column":57}}},"10":{"name":"hashpw","line":488,"loc":{"start":{"line":488,"column":0},"end":{"line":488,"column":42}}},"11":{"name":"(anonymous_11)","line":498,"loc":{"start":{"line":498,"column":24},"end":{"line":498,"column":35}}},"12":{"name":"gensalt","line":543,"loc":{"start":{"line":543,"column":0},"end":{"line":543,"column":25}}},"13":{"name":"genSaltSync","line":566,"loc":{"start":{"line":566,"column":0},"end":{"line":566,"column":29}}},"14":{"name":"genSalt","line":577,"loc":{"start":{"line":577,"column":0},"end":{"line":577,"column":35}}},"15":{"name":"(anonymous_15)","line":588,"loc":{"start":{"line":588,"column":18},"end":{"line":588,"column":29}}},"16":{"name":"hashSync","line":600,"loc":{"start":{"line":600,"column":0},"end":{"line":600,"column":40}}},"17":{"name":"hash","line":611,"loc":{"start":{"line":611,"column":0},"end":{"line":611,"column":46}}},"18":{"name":"(anonymous_18)","line":623,"loc":{"start":{"line":623,"column":18},"end":{"line":623,"column":29}}},"19":{"name":"compareSync","line":635,"loc":{"start":{"line":635,"column":0},"end":{"line":635,"column":38}}},"20":{"name":"compare","line":670,"loc":{"start":{"line":670,"column":0},"end":{"line":670,"column":44}}},"21":{"name":"(anonymous_21)","line":681,"loc":{"start":{"line":681,"column":18},"end":{"line":681,"column":29}}},"22":{"name":"getRounds","line":693,"loc":{"start":{"line":693,"column":0},"end":{"line":693,"column":30}}}},"statementMap":{"1":{"start":{"line":1,"column":0},"end":{"line":1,"column":31}},"2":{"start":{"line":3,"column":0},"end":{"line":3,"column":25}},"3":{"start":{"line":5,"column":0},"end":{"line":5,"column":37}},"4":{"start":{"line":6,"column":0},"end":{"line":6,"column":29}},"5":{"start":{"line":8,"column":0},"end":{"line":8,"column":29}},"6":{"start":{"line":9,"column":0},"end":{"line":12,"column":38}},"7":{"start":{"line":13,"column":0},"end":{"line":217,"column":50}},"8":{"start":{"line":218,"column":0},"end":{"line":219,"column":26}},"9":{"start":{"line":220,"column":0},"end":{"line":225,"column":7}},"10":{"start":{"line":226,"column":0},"end":{"line":233,"column":42}},"11":{"start":{"line":235,"column":0},"end":{"line":247,"column":1}},"12":{"start":{"line":236,"column":1},"end":{"line":236,"column":13}},"13":{"start":{"line":237,"column":1},"end":{"line":241,"column":2}},"14":{"start":{"line":238,"column":2},"end":{"line":238,"column":26}},"15":{"start":{"line":240,"column":2},"end":{"line":240,"column":8}},"16":{"start":{"line":242,"column":1},"end":{"line":246,"column":2}},"17":{"start":{"line":243,"column":2},"end":{"line":243,"column":26}},"18":{"start":{"line":245,"column":2},"end":{"line":245,"column":11}},"19":{"start":{"line":249,"column":0},"end":{"line":278,"column":1}},"20":{"start":{"line":250,"column":1},"end":{"line":250,"column":13}},"21":{"start":{"line":251,"column":1},"end":{"line":251,"column":13}},"22":{"start":{"line":252,"column":1},"end":{"line":252,"column":8}},"23":{"start":{"line":253,"column":1},"end":{"line":253,"column":8}},"24":{"start":{"line":254,"column":1},"end":{"line":255,"column":22}},"25":{"start":{"line":255,"column":2},"end":{"line":255,"column":22}},"26":{"start":{"line":256,"column":1},"end":{"line":276,"column":2}},"27":{"start":{"line":257,"column":2},"end":{"line":257,"column":23}},"28":{"start":{"line":258,"column":2},"end":{"line":258,"column":41}},"29":{"start":{"line":259,"column":2},"end":{"line":259,"column":24}},"30":{"start":{"line":260,"column":2},"end":{"line":263,"column":3}},"31":{"start":{"line":261,"column":3},"end":{"line":261,"column":35}},"32":{"start":{"line":262,"column":3},"end":{"line":262,"column":9}},"33":{"start":{"line":264,"column":2},"end":{"line":264,"column":23}},"34":{"start":{"line":265,"column":2},"end":{"line":265,"column":25}},"35":{"start":{"line":266,"column":2},"end":{"line":266,"column":34}},"36":{"start":{"line":267,"column":2},"end":{"line":267,"column":24}},"37":{"start":{"line":268,"column":2},"end":{"line":271,"column":3}},"38":{"start":{"line":269,"column":3},"end":{"line":269,"column":35}},"39":{"start":{"line":270,"column":3},"end":{"line":270,"column":9}},"40":{"start":{"line":272,"column":2},"end":{"line":272,"column":23}},"41":{"start":{"line":273,"column":2},"end":{"line":273,"column":25}},"42":{"start":{"line":274,"column":2},"end":{"line":274,"column":34}},"43":{"start":{"line":275,"column":2},"end":{"line":275,"column":34}},"44":{"start":{"line":277,"column":1},"end":{"line":277,"column":20}},"45":{"start":{"line":280,"column":0},"end":{"line":286,"column":1}},"46":{"start":{"line":281,"column":1},"end":{"line":281,"column":28}},"47":{"start":{"line":282,"column":1},"end":{"line":284,"column":2}},"48":{"start":{"line":283,"column":2},"end":{"line":283,"column":12}},"49":{"start":{"line":285,"column":1},"end":{"line":285,"column":23}},"50":{"start":{"line":288,"column":0},"end":{"line":328,"column":1}},"51":{"start":{"line":289,"column":1},"end":{"line":289,"column":13}},"52":{"start":{"line":290,"column":1},"end":{"line":290,"column":21}},"53":{"start":{"line":291,"column":1},"end":{"line":291,"column":14}},"54":{"start":{"line":292,"column":1},"end":{"line":292,"column":13}},"55":{"start":{"line":293,"column":1},"end":{"line":293,"column":23}},"56":{"start":{"line":294,"column":1},"end":{"line":294,"column":43}},"57":{"start":{"line":294,"column":19},"end":{"line":294,"column":43}},"58":{"start":{"line":295,"column":1},"end":{"line":322,"column":2}},"59":{"start":{"line":296,"column":2},"end":{"line":296,"column":31}},"60":{"start":{"line":297,"column":2},"end":{"line":297,"column":31}},"61":{"start":{"line":298,"column":2},"end":{"line":300,"column":3}},"62":{"start":{"line":299,"column":3},"end":{"line":299,"column":9}},"63":{"start":{"line":301,"column":2},"end":{"line":301,"column":23}},"64":{"start":{"line":302,"column":2},"end":{"line":302,"column":24}},"65":{"start":{"line":303,"column":2},"end":{"line":303,"column":34}},"66":{"start":{"line":304,"column":2},"end":{"line":306,"column":3}},"67":{"start":{"line":305,"column":3},"end":{"line":305,"column":9}},"68":{"start":{"line":307,"column":2},"end":{"line":307,"column":31}},"69":{"start":{"line":308,"column":2},"end":{"line":310,"column":3}},"70":{"start":{"line":309,"column":3},"end":{"line":309,"column":9}},"71":{"start":{"line":311,"column":2},"end":{"line":311,"column":32}},"72":{"start":{"line":312,"column":2},"end":{"line":312,"column":24}},"73":{"start":{"line":313,"column":2},"end":{"line":313,"column":34}},"74":{"start":{"line":314,"column":2},"end":{"line":316,"column":3}},"75":{"start":{"line":315,"column":3},"end":{"line":315,"column":9}},"76":{"start":{"line":317,"column":2},"end":{"line":317,"column":31}},"77":{"start":{"line":318,"column":2},"end":{"line":318,"column":32}},"78":{"start":{"line":319,"column":2},"end":{"line":319,"column":10}},"79":{"start":{"line":320,"column":2},"end":{"line":320,"column":34}},"80":{"start":{"line":321,"column":2},"end":{"line":321,"column":9}},"81":{"start":{"line":323,"column":1},"end":{"line":323,"column":14}},"82":{"start":{"line":324,"column":1},"end":{"line":326,"column":2}},"83":{"start":{"line":325,"column":2},"end":{"line":325,"column":29}},"84":{"start":{"line":327,"column":1},"end":{"line":327,"column":12}},"85":{"start":{"line":330,"column":0},"end":{"line":355,"column":1}},"86":{"start":{"line":331,"column":1},"end":{"line":331,"column":7}},"87":{"start":{"line":332,"column":1},"end":{"line":332,"column":7}},"88":{"start":{"line":333,"column":1},"end":{"line":333,"column":17}},"89":{"start":{"line":334,"column":1},"end":{"line":334,"column":21}},"90":{"start":{"line":336,"column":1},"end":{"line":336,"column":11}},"91":{"start":{"line":337,"column":1},"end":{"line":351,"column":2}},"92":{"start":{"line":339,"column":2},"end":{"line":339,"column":26}},"93":{"start":{"line":340,"column":2},"end":{"line":340,"column":37}},"94":{"start":{"line":341,"column":2},"end":{"line":341,"column":36}},"95":{"start":{"line":342,"column":2},"end":{"line":342,"column":29}},"96":{"start":{"line":343,"column":2},"end":{"line":343,"column":18}},"97":{"start":{"line":346,"column":2},"end":{"line":346,"column":26}},"98":{"start":{"line":347,"column":2},"end":{"line":347,"column":37}},"99":{"start":{"line":348,"column":2},"end":{"line":348,"column":36}},"100":{"start":{"line":349,"column":2},"end":{"line":349,"column":29}},"101":{"start":{"line":350,"column":2},"end":{"line":350,"column":18}},"102":{"start":{"line":352,"column":1},"end":{"line":352,"column":42}},"103":{"start":{"line":353,"column":1},"end":{"line":353,"column":17}},"104":{"start":{"line":354,"column":1},"end":{"line":354,"column":11}},"105":{"start":{"line":357,"column":0},"end":{"line":365,"column":1}},"106":{"start":{"line":358,"column":1},"end":{"line":358,"column":7}},"107":{"start":{"line":359,"column":1},"end":{"line":359,"column":14}},"108":{"start":{"line":360,"column":1},"end":{"line":363,"column":2}},"109":{"start":{"line":361,"column":2},"end":{"line":361,"column":43}},"110":{"start":{"line":362,"column":2},"end":{"line":362,"column":34}},"111":{"start":{"line":364,"column":1},"end":{"line":364,"column":30}},"112":{"start":{"line":367,"column":0},"end":{"line":390,"column":1}},"113":{"start":{"line":368,"column":1},"end":{"line":368,"column":7}},"114":{"start":{"line":369,"column":1},"end":{"line":369,"column":14}},"115":{"start":{"line":370,"column":1},"end":{"line":370,"column":44}},"116":{"start":{"line":371,"column":1},"end":{"line":371,"column":21}},"117":{"start":{"line":372,"column":1},"end":{"line":372,"column":21}},"118":{"start":{"line":374,"column":1},"end":{"line":378,"column":2}},"119":{"start":{"line":375,"column":2},"end":{"line":375,"column":35}},"120":{"start":{"line":376,"column":2},"end":{"line":376,"column":17}},"121":{"start":{"line":377,"column":2},"end":{"line":377,"column":23}},"122":{"start":{"line":379,"column":1},"end":{"line":383,"column":2}},"123":{"start":{"line":380,"column":2},"end":{"line":380,"column":29}},"124":{"start":{"line":381,"column":2},"end":{"line":381,"column":15}},"125":{"start":{"line":382,"column":2},"end":{"line":382,"column":19}},"126":{"start":{"line":385,"column":1},"end":{"line":389,"column":2}},"127":{"start":{"line":386,"column":2},"end":{"line":386,"column":29}},"128":{"start":{"line":387,"column":2},"end":{"line":387,"column":15}},"129":{"start":{"line":388,"column":2},"end":{"line":388,"column":19}},"130":{"start":{"line":392,"column":0},"end":{"line":432,"column":1}},"131":{"start":{"line":393,"column":1},"end":{"line":393,"column":7}},"132":{"start":{"line":394,"column":1},"end":{"line":394,"column":14}},"133":{"start":{"line":395,"column":1},"end":{"line":395,"column":44}},"134":{"start":{"line":396,"column":1},"end":{"line":396,"column":21}},"135":{"start":{"line":397,"column":1},"end":{"line":397,"column":21}},"136":{"start":{"line":398,"column":1},"end":{"line":398,"column":8}},"137":{"start":{"line":400,"column":1},"end":{"line":404,"column":2}},"138":{"start":{"line":401,"column":2},"end":{"line":401,"column":31}},"139":{"start":{"line":402,"column":2},"end":{"line":402,"column":17}},"140":{"start":{"line":403,"column":2},"end":{"line":403,"column":23}},"141":{"start":{"line":405,"column":1},"end":{"line":405,"column":10}},"142":{"start":{"line":406,"column":1},"end":{"line":418,"column":2}},"143":{"start":{"line":407,"column":2},"end":{"line":407,"column":32}},"144":{"start":{"line":408,"column":2},"end":{"line":408,"column":17}},"145":{"start":{"line":409,"column":2},"end":{"line":409,"column":18}},"146":{"start":{"line":411,"column":2},"end":{"line":411,"column":32}},"147":{"start":{"line":412,"column":2},"end":{"line":412,"column":17}},"148":{"start":{"line":413,"column":2},"end":{"line":413,"column":18}},"149":{"start":{"line":415,"column":2},"end":{"line":415,"column":29}},"150":{"start":{"line":416,"column":2},"end":{"line":416,"column":15}},"151":{"start":{"line":417,"column":2},"end":{"line":417,"column":19}},"152":{"start":{"line":419,"column":1},"end":{"line":431,"column":2}},"153":{"start":{"line":420,"column":2},"end":{"line":420,"column":32}},"154":{"start":{"line":421,"column":2},"end":{"line":421,"column":17}},"155":{"start":{"line":422,"column":2},"end":{"line":422,"column":18}},"156":{"start":{"line":424,"column":2},"end":{"line":424,"column":32}},"157":{"start":{"line":425,"column":2},"end":{"line":425,"column":17}},"158":{"start":{"line":426,"column":2},"end":{"line":426,"column":18}},"159":{"start":{"line":428,"column":2},"end":{"line":428,"column":29}},"160":{"start":{"line":429,"column":2},"end":{"line":429,"column":15}},"161":{"start":{"line":430,"column":2},"end":{"line":430,"column":19}},"162":{"start":{"line":434,"column":0},"end":{"line":486,"column":1}},"163":{"start":{"line":435,"column":1},"end":{"line":435,"column":12}},"164":{"start":{"line":436,"column":1},"end":{"line":436,"column":7}},"165":{"start":{"line":437,"column":1},"end":{"line":437,"column":41}},"166":{"start":{"line":438,"column":1},"end":{"line":438,"column":25}},"167":{"start":{"line":439,"column":1},"end":{"line":439,"column":17}},"168":{"start":{"line":441,"column":1},"end":{"line":442,"column":31}},"169":{"start":{"line":442,"column":2},"end":{"line":442,"column":31}},"170":{"start":{"line":443,"column":1},"end":{"line":444,"column":26}},"171":{"start":{"line":444,"column":2},"end":{"line":444,"column":26}},"172":{"start":{"line":446,"column":1},"end":{"line":446,"column":26}},"173":{"start":{"line":447,"column":1},"end":{"line":447,"column":44}},"174":{"start":{"line":449,"column":1},"end":{"line":449,"column":24}},"175":{"start":{"line":450,"column":1},"end":{"line":450,"column":24}},"176":{"start":{"line":452,"column":1},"end":{"line":452,"column":30}},"177":{"start":{"line":454,"column":1},"end":{"line":454,"column":11}},"178":{"start":{"line":456,"column":1},"end":{"line":485,"column":2}},"179":{"start":{"line":457,"column":2},"end":{"line":484,"column":10}},"180":{"start":{"line":458,"column":3},"end":{"line":458,"column":26}},"181":{"start":{"line":459,"column":3},"end":{"line":469,"column":15}},"182":{"start":{"line":460,"column":4},"end":{"line":460,"column":14}},"183":{"start":{"line":461,"column":4},"end":{"line":461,"column":24}},"184":{"start":{"line":462,"column":4},"end":{"line":462,"column":20}},"185":{"start":{"line":463,"column":18},"end":{"line":465,"column":19}},"186":{"start":{"line":464,"column":12},"end":{"line":464,"column":23}},"187":{"start":{"line":466,"column":18},"end":{"line":468,"column":19}},"188":{"start":{"line":467,"column":23},"end":{"line":467,"column":29}},"189":{"start":{"line":471,"column":11},"end":{"line":475,"column":15}},"190":{"start":{"line":472,"column":18},"end":{"line":474,"column":19}},"191":{"start":{"line":473,"column":23},"end":{"line":473,"column":58}},"192":{"start":{"line":476,"column":3},"end":{"line":476,"column":16}},"193":{"start":{"line":477,"column":10},"end":{"line":482,"column":15}},"194":{"start":{"line":478,"column":18},"end":{"line":478,"column":61}},"195":{"start":{"line":479,"column":18},"end":{"line":479,"column":61}},"196":{"start":{"line":480,"column":18},"end":{"line":480,"column":60}},"197":{"start":{"line":481,"column":18},"end":{"line":481,"column":53}},"198":{"start":{"line":483,"column":14},"end":{"line":483,"column":26}},"199":{"start":{"line":488,"column":0},"end":{"line":541,"column":1}},"200":{"start":{"line":489,"column":1},"end":{"line":489,"column":15}},"201":{"start":{"line":490,"column":1},"end":{"line":490,"column":20}},"202":{"start":{"line":491,"column":1},"end":{"line":491,"column":16}},"203":{"start":{"line":492,"column":1},"end":{"line":492,"column":17}},"204":{"start":{"line":493,"column":1},"end":{"line":493,"column":36}},"205":{"start":{"line":494,"column":1},"end":{"line":494,"column":16}},"206":{"start":{"line":495,"column":1},"end":{"line":495,"column":13}},"207":{"start":{"line":497,"column":1},"end":{"line":499,"column":2}},"208":{"start":{"line":498,"column":9},"end":{"line":498,"column":38}},"209":{"start":{"line":501,"column":1},"end":{"line":502,"column":31}},"210":{"start":{"line":502,"column":2},"end":{"line":502,"column":31}},"211":{"start":{"line":503,"column":1},"end":{"line":510,"column":2}},"212":{"start":{"line":504,"column":2},"end":{"line":504,"column":10}},"213":{"start":{"line":506,"column":2},"end":{"line":506,"column":25}},"214":{"start":{"line":507,"column":2},"end":{"line":508,"column":33}},"215":{"start":{"line":508,"column":3},"end":{"line":508,"column":33}},"216":{"start":{"line":509,"column":2},"end":{"line":509,"column":10}},"217":{"start":{"line":513,"column":1},"end":{"line":514,"column":30}},"218":{"start":{"line":514,"column":2},"end":{"line":514,"column":30}},"219":{"start":{"line":515,"column":1},"end":{"line":515,"column":54}},"220":{"start":{"line":516,"column":1},"end":{"line":516,"column":53}},"221":{"start":{"line":517,"column":1},"end":{"line":517,"column":18}},"222":{"start":{"line":518,"column":1},"end":{"line":518,"column":47}},"223":{"start":{"line":519,"column":1},"end":{"line":519,"column":52}},"224":{"start":{"line":521,"column":1},"end":{"line":521,"column":32}},"225":{"start":{"line":522,"column":1},"end":{"line":524,"column":2}},"226":{"start":{"line":523,"column":2},"end":{"line":523,"column":25}},"227":{"start":{"line":525,"column":1},"end":{"line":525,"column":51}},"228":{"start":{"line":526,"column":1},"end":{"line":526,"column":60}},"229":{"start":{"line":528,"column":1},"end":{"line":528,"column":13}},"230":{"start":{"line":529,"column":1},"end":{"line":529,"column":15}},"231":{"start":{"line":530,"column":1},"end":{"line":531,"column":17}},"232":{"start":{"line":531,"column":2},"end":{"line":531,"column":17}},"233":{"start":{"line":532,"column":1},"end":{"line":532,"column":14}},"234":{"start":{"line":533,"column":1},"end":{"line":534,"column":15}},"235":{"start":{"line":534,"column":2},"end":{"line":534,"column":15}},"236":{"start":{"line":535,"column":1},"end":{"line":535,"column":28}},"237":{"start":{"line":536,"column":1},"end":{"line":536,"column":14}},"238":{"start":{"line":537,"column":1},"end":{"line":537,"column":45}},"239":{"start":{"line":538,"column":1},"end":{"line":538,"column":68}},"240":{"start":{"line":540,"column":1},"end":{"line":540,"column":21}},"241":{"start":{"line":543,"column":0},"end":{"line":564,"column":1}},"242":{"start":{"line":544,"column":1},"end":{"line":544,"column":30}},"243":{"start":{"line":545,"column":1},"end":{"line":547,"column":2}},"244":{"start":{"line":546,"column":2},"end":{"line":546,"column":48}},"245":{"start":{"line":548,"column":1},"end":{"line":548,"column":17}},"246":{"start":{"line":549,"column":1},"end":{"line":549,"column":21}},"247":{"start":{"line":550,"column":1},"end":{"line":551,"column":19}},"248":{"start":{"line":551,"column":2},"end":{"line":551,"column":19}},"249":{"start":{"line":552,"column":1},"end":{"line":552,"column":41}},"250":{"start":{"line":553,"column":1},"end":{"line":553,"column":18}},"251":{"start":{"line":555,"column":1},"end":{"line":555,"column":14}},"252":{"start":{"line":556,"column":1},"end":{"line":560,"column":2}},"253":{"start":{"line":557,"column":2},"end":{"line":557,"column":49}},"254":{"start":{"line":559,"column":2},"end":{"line":559,"column":11}},"255":{"start":{"line":562,"column":1},"end":{"line":562,"column":55}},"256":{"start":{"line":563,"column":1},"end":{"line":563,"column":24}},"257":{"start":{"line":566,"column":0},"end":{"line":575,"column":1}},"258":{"start":{"line":571,"column":1},"end":{"line":573,"column":2}},"259":{"start":{"line":572,"column":2},"end":{"line":572,"column":39}},"260":{"start":{"line":574,"column":1},"end":{"line":574,"column":24}},"261":{"start":{"line":577,"column":0},"end":{"line":598,"column":1}},"262":{"start":{"line":585,"column":1},"end":{"line":587,"column":2}},"263":{"start":{"line":586,"column":2},"end":{"line":586,"column":41}},"264":{"start":{"line":588,"column":1},"end":{"line":597,"column":4}},"265":{"start":{"line":589,"column":2},"end":{"line":589,"column":20}},"266":{"start":{"line":590,"column":2},"end":{"line":590,"column":19}},"267":{"start":{"line":591,"column":2},"end":{"line":595,"column":3}},"268":{"start":{"line":592,"column":3},"end":{"line":592,"column":31}},"269":{"start":{"line":594,"column":3},"end":{"line":594,"column":15}},"270":{"start":{"line":596,"column":2},"end":{"line":596,"column":26}},"271":{"start":{"line":600,"column":0},"end":{"line":609,"column":1}},"272":{"start":{"line":605,"column":1},"end":{"line":607,"column":2}},"273":{"start":{"line":606,"column":2},"end":{"line":606,"column":23}},"274":{"start":{"line":608,"column":1},"end":{"line":608,"column":37}},"275":{"start":{"line":611,"column":0},"end":{"line":633,"column":1}},"276":{"start":{"line":620,"column":1},"end":{"line":622,"column":2}},"277":{"start":{"line":621,"column":2},"end":{"line":621,"column":41}},"278":{"start":{"line":623,"column":1},"end":{"line":632,"column":4}},"279":{"start":{"line":624,"column":2},"end":{"line":624,"column":20}},"280":{"start":{"line":625,"column":2},"end":{"line":625,"column":19}},"281":{"start":{"line":626,"column":2},"end":{"line":630,"column":3}},"282":{"start":{"line":627,"column":3},"end":{"line":627,"column":42}},"283":{"start":{"line":629,"column":3},"end":{"line":629,"column":15}},"284":{"start":{"line":631,"column":2},"end":{"line":631,"column":26}},"285":{"start":{"line":635,"column":0},"end":{"line":668,"column":1}},"286":{"start":{"line":641,"column":1},"end":{"line":643,"column":2}},"287":{"start":{"line":642,"column":2},"end":{"line":642,"column":30}},"288":{"start":{"line":645,"column":1},"end":{"line":645,"column":41}},"289":{"start":{"line":647,"column":1},"end":{"line":649,"column":2}},"290":{"start":{"line":648,"column":2},"end":{"line":648,"column":35}},"291":{"start":{"line":651,"column":1},"end":{"line":651,"column":17}},"292":{"start":{"line":652,"column":1},"end":{"line":652,"column":74}},"293":{"start":{"line":653,"column":1},"end":{"line":653,"column":41}},"294":{"start":{"line":655,"column":1},"end":{"line":655,"column":45}},"295":{"start":{"line":657,"column":1},"end":{"line":657,"column":94}},"296":{"start":{"line":661,"column":1},"end":{"line":665,"column":2}},"297":{"start":{"line":662,"column":2},"end":{"line":664,"column":3}},"298":{"start":{"line":663,"column":3},"end":{"line":663,"column":16}},"299":{"start":{"line":667,"column":1},"end":{"line":667,"column":13}},"300":{"start":{"line":670,"column":0},"end":{"line":691,"column":1}},"301":{"start":{"line":678,"column":1},"end":{"line":680,"column":2}},"302":{"start":{"line":679,"column":2},"end":{"line":679,"column":41}},"303":{"start":{"line":681,"column":1},"end":{"line":690,"column":4}},"304":{"start":{"line":682,"column":2},"end":{"line":682,"column":20}},"305":{"start":{"line":683,"column":2},"end":{"line":683,"column":19}},"306":{"start":{"line":684,"column":2},"end":{"line":688,"column":3}},"307":{"start":{"line":685,"column":3},"end":{"line":685,"column":40}},"308":{"start":{"line":687,"column":3},"end":{"line":687,"column":15}},"309":{"start":{"line":689,"column":2},"end":{"line":689,"column":26}},"310":{"start":{"line":693,"column":0},"end":{"line":699,"column":1}},"311":{"start":{"line":695,"column":1},"end":{"line":697,"column":2}},"312":{"start":{"line":696,"column":2},"end":{"line":696,"column":30}},"313":{"start":{"line":698,"column":1},"end":{"line":698,"column":40}},"314":{"start":{"line":701,"column":0},"end":{"line":701,"column":34}},"315":{"start":{"line":702,"column":0},"end":{"line":702,"column":26}},"316":{"start":{"line":703,"column":0},"end":{"line":703,"column":28}},"317":{"start":{"line":704,"column":0},"end":{"line":704,"column":20}},"318":{"start":{"line":705,"column":0},"end":{"line":705,"column":34}},"319":{"start":{"line":706,"column":0},"end":{"line":706,"column":26}},"320":{"start":{"line":707,"column":0},"end":{"line":707,"column":30}}},"branchMap":{"1":{"line":242,"type":"if","locations":[{"start":{"line":242,"column":1},"end":{"line":242,"column":1}},{"start":{"line":242,"column":1},"end":{"line":242,"column":1}}]},"2":{"line":254,"type":"if","locations":[{"start":{"line":254,"column":1},"end":{"line":254,"column":1}},{"start":{"line":254,"column":1},"end":{"line":254,"column":1}}]},"3":{"line":254,"type":"binary-expr","locations":[{"start":{"line":254,"column":5},"end":{"line":254,"column":13}},{"start":{"line":254,"column":17},"end":{"line":254,"column":31}}]},"4":{"line":260,"type":"if","locations":[{"start":{"line":260,"column":2},"end":{"line":260,"column":2}},{"start":{"line":260,"column":2},"end":{"line":260,"column":2}}]},"5":{"line":268,"type":"if","locations":[{"start":{"line":268,"column":2},"end":{"line":268,"column":2}},{"start":{"line":268,"column":2},"end":{"line":268,"column":2}}]},"6":{"line":282,"type":"if","locations":[{"start":{"line":282,"column":1},"end":{"line":282,"column":1}},{"start":{"line":282,"column":1},"end":{"line":282,"column":1}}]},"7":{"line":282,"type":"binary-expr","locations":[{"start":{"line":282,"column":5},"end":{"line":282,"column":13}},{"start":{"line":282,"column":17},"end":{"line":282,"column":39}}]},"8":{"line":294,"type":"if","locations":[{"start":{"line":294,"column":1},"end":{"line":294,"column":1}},{"start":{"line":294,"column":1},"end":{"line":294,"column":1}}]},"9":{"line":295,"type":"binary-expr","locations":[{"start":{"line":295,"column":8},"end":{"line":295,"column":22}},{"start":{"line":295,"column":26},"end":{"line":295,"column":40}}]},"10":{"line":298,"type":"if","locations":[{"start":{"line":298,"column":2},"end":{"line":298,"column":2}},{"start":{"line":298,"column":2},"end":{"line":298,"column":2}}]},"11":{"line":298,"type":"binary-expr","locations":[{"start":{"line":298,"column":6},"end":{"line":298,"column":14}},{"start":{"line":298,"column":18},"end":{"line":298,"column":26}}]},"12":{"line":304,"type":"if","locations":[{"start":{"line":304,"column":2},"end":{"line":304,"column":2}},{"start":{"line":304,"column":2},"end":{"line":304,"column":2}}]},"13":{"line":304,"type":"binary-expr","locations":[{"start":{"line":304,"column":6},"end":{"line":304,"column":23}},{"start":{"line":304,"column":27},"end":{"line":304,"column":38}}]},"14":{"line":308,"type":"if","locations":[{"start":{"line":308,"column":2},"end":{"line":308,"column":2}},{"start":{"line":308,"column":2},"end":{"line":308,"column":2}}]},"15":{"line":314,"type":"if","locations":[{"start":{"line":314,"column":2},"end":{"line":314,"column":2}},{"start":{"line":314,"column":2},"end":{"line":314,"column":2}}]},"16":{"line":314,"type":"binary-expr","locations":[{"start":{"line":314,"column":6},"end":{"line":314,"column":23}},{"start":{"line":314,"column":27},"end":{"line":314,"column":38}}]},"17":{"line":441,"type":"if","locations":[{"start":{"line":441,"column":1},"end":{"line":441,"column":1}},{"start":{"line":441,"column":1},"end":{"line":441,"column":1}}]},"18":{"line":441,"type":"binary-expr","locations":[{"start":{"line":441,"column":5},"end":{"line":441,"column":19}},{"start":{"line":441,"column":23},"end":{"line":441,"column":38}}]},"19":{"line":443,"type":"if","locations":[{"start":{"line":443,"column":1},"end":{"line":443,"column":1}},{"start":{"line":443,"column":1},"end":{"line":443,"column":1}}]},"20":{"line":457,"type":"if","locations":[{"start":{"line":457,"column":2},"end":{"line":457,"column":2}},{"start":{"line":457,"column":2},"end":{"line":457,"column":2}}]},"21":{"line":463,"type":"if","locations":[{"start":{"line":463,"column":18},"end":{"line":463,"column":18}},{"start":{"line":463,"column":18},"end":{"line":463,"column":18}}]},"22":
[...]
, 0xddc6c837, 0xd79a3234,","\t\t0x92638212, 0x670efa8e, 0x406000e0, 0x3a39ce37, 0xd3faf5cf,","\t\t0xabc27737, 0x5ac52d1b, 0x5cb0679e, 0x4fa33742, 0xd3822740,","\t\t0x99bc9bbe, 0xd5118e9d, 0xbf0f7315, 0xd62d1c7e, 0xc700c47b,","\t\t0xb78c1b6b, 0x21a19045, 0xb26eb1be, 0x6a366eb4, 0x5748ab2f,","\t\t0xbc946e79, 0xc6a376d2, 0x6549c2c8, 0x530ff8ee, 0x468dde7d,","\t\t0xd5730a1d, 0x4cd04dc6, 0x2939bbdb, 0xa9ba4650, 0xac9526e8,","\t\t0xbe5ee304, 0xa1fad5f0, 0x6a2d519a, 0x63ef8ce2, 0x9a86ee22,","\t\t0xc089c2b8, 0x43242ef6, 0xa51e03aa, 0x9cf2d0a4, 0x83c061ba,","\t\t0x9be96a4d, 0x8fe51550, 0xba645bd6, 0x2826a2f9, 0xa73a3ae1,","\t\t0x4ba99586, 0xef5562e9, 0xc72fefd3, 0xf752f7da, 0x3f046f69,","\t\t0x77fa0a59, 0x80e4a915, 0x87b08601, 0x9b09e6ad, 0x3b3ee593,","\t\t0xe990fd5a, 0x9e34d797, 0x2cf0b7d9, 0x022b8b51, 0x96d5ac3a,","\t\t0x017da67d, 0xd1cf3ed6, 0x7c7d2d28, 0x1f9f25cf, 0xadf2b89b,","\t\t0x5ad6b472, 0x5a88f54c, 0xe029ac71, 0xe019a5e6, 0x47b0acfd,","\t\t0xed93fa9b, 0xe8d3c48d, 0x283b57cc, 0xf8d56629, 0x79132e28,","\t\t0x785f0191, 0xed756055, 0xf7960e44, 0xe3d35e8c, 0x15056dd4,","\t\t0x88f46dba, 0x03a16125, 0x0564f0bd, 0xc3eb9e15, 0x3c9057a2,","\t\t0x97271aec, 0xa93a072a, 0x1b3f6d9b, 0x1e6321f5, 0xf59c66fb,","\t\t0x26dcf319, 0x7533d928, 0xb155fdf5, 0x03563482, 0x8aba3cbb,","\t\t0x28517711, 0xc20ad9f8, 0xabcc5167, 0xccad925f, 0x4de81751,","\t\t0x3830dc8e, 0x379d5862, 0x9320f991, 0xea7a90c2, 0xfb3e7bce,","\t\t0x5121ce64, 0x774fbe32, 0xa8b6e37e, 0xc3293d46, 0x48de5369,","\t\t0x6413e680, 0xa2ae0810, 0xdd6db224, 0x69852dfd, 0x09072166,","\t\t0xb39a460a, 0x6445c0dd, 0x586cdecf, 0x1c20c8ae, 0x5bbef7dd,","\t\t0x1b588d40, 0xccd2017f, 0x6bb4e3bb, 0xdda26a7e, 0x3a59ff45,","\t\t0x3e350a44, 0xbcb4cdd5, 0x72eacea8, 0xfa6484bb, 0x8d6612ae,","\t\t0xbf3c6f47, 0xd29be463, 0x542f5d9e, 0xaec2771b, 0xf64e6370,","\t\t0x740e0d8d, 0xe75b1357, 0xf8721671, 0xaf537d5d, 0x4040cb08,","\t\t0x4eb4e2cc, 0x34d2466a, 0x0115af84, 0xe1b00428, 0x95983a1d,","\t\t0x06b89fb4, 0xce6ea048, 0x6f3f3b82, 0x3520ab82, 0x011a1d4b,","\t\t0x277227f8, 0x611560b1, 0xe7933fdc, 0xbb3a792b, 0x344525bd,","\t\t0xa08839e1, 0x51ce794b, 0x2f32c9b7, 0xa01fbac9, 0xe01cc87e,","\t\t0xbcc7d1f6, 0xcf0111c3, 0xa1e8aac7, 0x1a908749, 0xd44fbd9a,","\t\t0xd0dadecb, 0xd50ada38, 0x0339c32a, 0xc6913667, 0x8df9317c,","\t\t0xe0b12b4f, 0xf79e59b7, 0x43f5bb3a, 0xf2d519ff, 0x27d9459c,","\t\t0xbf97222c, 0x15e6fc2a, 0x0f91fc71, 0x9b941525, 0xfae59361,","\t\t0xceb69ceb, 0xc2a86459, 0x12baa8d1, 0xb6c1075e, 0xe3056a0c,","\t\t0x10d25065, 0xcb03a442, 0xe0ec6e0e, 0x1698db3b, 0x4c98a0be,","\t\t0x3278e964, 0x9f1f9532, 0xe0d392df, 0xd3a0342b, 0x8971f21e,","\t\t0x1b0a7441, 0x4ba3348c, 0xc5be7120, 0xc37632d8, 0xdf359f8d,","\t\t0x9b992f2e, 0xe60b6f47, 0x0fe3f11d, 0xe54cda54, 0x1edad891,","\t\t0xce6279cf, 0xcd3e7e6f, 0x1618b166, 0xfd2c1d05, 0x848fd2c5,","\t\t0xf6fb2299, 0xf523f357, 0xa6327623, 0x93a83531, 0x56cccd02,","\t\t0xacf08162, 0x5a75ebb5, 0x6e163697, 0x88d273cc, 0xde966292,","\t\t0x81b949d0, 0x4c50901b, 0x71c65614, 0xe6c6c7bd, 0x327a140a,","\t\t0x45e1d006, 0xc3f27b9a, 0xc9aa53fd, 0x62a80f00, 0xbb25bfe2,","\t\t0x35bdd2f6, 0x71126905, 0xb2040222, 0xb6cbcf7c, 0xcd769c2b,","\t\t0x53113ec0, 0x1640e3d3, 0x38abbd60, 0x2547adf0, 0xba38209c,","\t\t0xf746ce76, 0x77afa1c5, 0x20756060, 0x85cbfe4e, 0x8ae88dd8,","\t\t0x7aaaf9b0, 0x4cf9aa7e, 0x1948c25c, 0x02fb8a8c, 0x01c36ae4,","\t\t0xd6ebe1f9, 0x90d4f869, 0xa65cdea0, 0x3f09252d, 0xc208e69f,","\t\t0xb74e6132, 0xce77e25b, 0x578fdfe3, 0x3ac372e6];","var bf_crypt_ciphertext = [0x4f727068, 0x65616e42, 0x65686f6c, 0x64657253,","\t\t0x63727944, 0x6f756274];","var base64_code = ['.', '/', 'A', 'B', 'C', 'D', 'E', 'F', 'G', 'H', 'I',","\t\t'J', 'K', 'L', 'M', 'N', 'O', 'P', 'Q', 'R', 'S', 'T', 'U', 'V',","\t\t'W', 'X', 'Y', 'Z', 'a', 'b', 'c', 'd', 'e', 'f', 'g', 'h', 'i',","\t\t'j', 'k', 'l', 'm', 'n', 'o', 'p', 'q', 'r', 's', 't', 'u', 'v',","\t\t'w', 'x', 'y', 'z', '0', '1', '2', '3', '4', '5', '6', '7', '8',","\t\t'9'];","var index_64 = [-1, -1, -1, -1, -1, -1, -1, -1, -1, -1, -1, -1, -1, -1,","\t\t-1, -1, -1, -1, -1, -1, -1, -1, -1, -1, -1, -1, -1, -1, -1, -1, -1,","\t\t-1, -1, -1, -1, -1, -1, -1, -1, -1, -1, -1, -1, -1, -1, -1, 0, 1,","\t\t54, 55, 56, 57, 58, 59, 60, 61, 62, 63, -1, -1, -1, -1, -1, -1, -1,","\t\t2, 3, 4, 5, 6, 7, 8, 9, 10, 11, 12, 13, 14, 15, 16, 17, 18, 19, 20,","\t\t21, 22, 23, 24, 25, 26, 27, -1, -1, -1, -1, -1, -1, 28, 29, 30, 31,","\t\t32, 33, 34, 35, 36, 37, 38, 39, 40, 41, 42, 43, 44, 45, 46, 47, 48,","\t\t49, 50, 51, 52, 53, -1, -1, -1, -1, -1];","","function getByte(c) {","\tvar ret = 0;","\ttry {","\t\tvar b = c.charCodeAt(0);","\t} catch (err) {","\t\tb = c;","\t}","\tif (b > 127) {","\t\treturn -128 + (b % 128);","\t} else {","\t\treturn b;","\t}","};","","function encode_base64(d, len) {","\tvar off = 0;","\tvar rs = [];","\tvar c1;","\tvar c2;","\tif (len <= 0 || len > d.length)","\t\tthrow \"Invalid len\";","\twhile (off < len) {","\t\tc1 = d[off++] & 0xff;","\t\trs.push(base64_code[(c1 >> 2) & 0x3f]);","\t\tc1 = (c1 & 0x03) << 4;","\t\tif (off >= len) {","\t\t\trs.push(base64_code[c1 & 0x3f]);","\t\t\tbreak;","\t\t}","\t\tc2 = d[off++] & 0xff;","\t\tc1 |= (c2 >> 4) & 0x0f;","\t\trs.push(base64_code[c1 & 0x3f]);","\t\tc1 = (c2 & 0x0f) << 2;","\t\tif (off >= len) {","\t\t\trs.push(base64_code[c1 & 0x3f]);","\t\t\tbreak;","\t\t}","\t\tc2 = d[off++] & 0xff;","\t\tc1 |= (c2 >> 6) & 0x03;","\t\trs.push(base64_code[c1 & 0x3f]);","\t\trs.push(base64_code[c2 & 0x3f]);","\t}","\treturn rs.join('');","};","","function char64(x) {","\tvar code = x.charCodeAt(0);","\tif (code < 0 || code > index_64.length) {","\t\treturn -1;","\t}","\treturn index_64[code];","};","","function decode_base64(s, maxolen) {","\tvar off = 0;","\tvar slen = s.length;","\tvar olen = 0;","\tvar rs = [];","\tvar c1, c2, c3, c4, o;","\tif (maxolen <= 0) throw \"Invalid maxolen\";","\twhile (off < slen - 1 && olen < maxolen) {","\t\tc1 = char64(s.charAt(off++));","\t\tc2 = char64(s.charAt(off++));","\t\tif (c1 == -1 || c2 == -1) {","\t\t\tbreak;","\t\t}","\t\to = getByte(c1 << 2);","\t\to |= (c2 & 0x30) >> 4;","\t\trs.push(String.fromCharCode(o));","\t\tif (++olen >= maxolen || off >= slen) {","\t\t\tbreak;","\t\t}","\t\tc3 = char64(s.charAt(off++));","\t\tif (c3 == -1) {","\t\t\tbreak;","\t\t}","\t\to = getByte((c2 & 0x0f) << 4);","\t\to |= (c3 & 0x3c) >> 2;","\t\trs.push(String.fromCharCode(o));","\t\tif (++olen >= maxolen || off >= slen) {","\t\t\tbreak;","\t\t}","\t\tc4 = char64(s.charAt(off++));","\t\to = getByte((c3 & 0x03) << 6);","\t\to |= c4;","\t\trs.push(String.fromCharCode(o));","\t\t++olen;","\t}","\tvar ret = [];","\tfor (off = 0; off < olen; off++) {","\t\tret.push(getByte(rs[off]));","\t}","\treturn ret;","};","","function encipher(lr, off, P, S) {","\tvar i;","\tvar n;","\tvar l = lr[off];","\tvar r = lr[off + 1];","","\tl ^= P[0];","\tfor (i = 0; i <= BLOWFISH_NUM_ROUNDS - 2;) {","\t\t// Feistel substitution on left word","\t\tn = S[(l >> 24) & 0xff];","\t\tn += S[0x100 | ((l >> 16) & 0xff)];","\t\tn ^= S[0x200 | ((l >> 8) & 0xff)];","\t\tn += S[0x300 | (l & 0xff)];","\t\tr ^= n ^ P[++i];","","\t\t// Feistel substitution on right word","\t\tn = S[(r >> 24) & 0xff];","\t\tn += S[0x100 | ((r >> 16) & 0xff)];","\t\tn ^= S[0x200 | ((r >> 8) & 0xff)];","\t\tn += S[0x300 | (r & 0xff)];","\t\tl ^= n ^ P[++i];","\t}","\tlr[off] = r ^ P[BLOWFISH_NUM_ROUNDS + 1];","\tlr[off + 1] = l;","\treturn lr;","};","","function streamtoword(data, offp) {","\tvar i;","\tvar word = 0;","\tfor (i = 0; i < 4; i++) {","\t\tword = (word << 8) | (data[offp] & 0xff);","\t\toffp = (offp + 1) % data.length;","\t}","\treturn {key:word, offp:offp};","};","","function key(key, P, S) {","\tvar i;","\tvar offp = 0;","\tvar lr = new Array(0x00000000, 0x00000000);","\tvar plen = P.length;","\tvar slen = S.length;","","\tfor (i = 0; i < plen; i++) {","\t\tvar sw = streamtoword(key, offp);","\t\toffp = sw.offp;","\t\tP[i] = P[i] ^ sw.key;","\t}","\tfor (i = 0; i < plen; i += 2) {","\t\tlr = encipher(lr, 0, P, S);","\t\tP[i] = lr[0];","\t\tP[i + 1] = lr[1];","\t}","","\tfor (i = 0; i < slen; i += 2) {","\t\tlr = encipher(lr, 0, P, S);","\t\tS[i] = lr[0];","\t\tS[i + 1] = lr[1];","\t}","};","","function ekskey(data, key, P, S) {","\tvar i;","\tvar offp = 0;","\tvar lr = new Array(0x00000000, 0x00000000);","\tvar plen = P.length;","\tvar slen = S.length;","\tvar sw;","","\tfor (i = 0; i < plen; i++) {","\t\tsw = streamtoword(key, offp);","\t\toffp = sw.offp;","\t\tP[i] = P[i] ^ sw.key;","\t}","\toffp = 0;","\tfor (i = 0; i < plen; i += 2) {","\t\tsw = streamtoword(data, offp);","\t\toffp = sw.offp;","\t\tlr[0] ^= sw.key;","","\t\tsw = streamtoword(data, offp);","\t\toffp = sw.offp;","\t\tlr[1] ^= sw.key;","","\t\tlr = encipher(lr, 0, P, S);","\t\tP[i] = lr[0];","\t\tP[i + 1] = lr[1];","\t}","\tfor (i = 0; i < slen; i += 2) {","\t\tsw = streamtoword(data, offp);","\t\toffp = sw.offp;","\t\tlr[0] ^= sw.key;","","\t\tsw = streamtoword(data, offp);","\t\toffp = sw.offp;","\t\tlr[1] ^= sw.key;","","\t\tlr = encipher(lr, 0, P, S);","\t\tS[i] = lr[0];","\t\tS[i + 1] = lr[1];","\t}","};","","function crypt_raw(password, salt, log_rounds, progress) {","\tvar rounds;","\tvar j;","\tvar cdata = bf_crypt_ciphertext.slice();","\tvar clen = cdata.length;","\tvar one_percent;","","\tif (log_rounds < 4 || log_rounds > 31)","\t\tthrow \"Bad number of rounds\";","\tif (salt.length != BCRYPT_SALT_LEN)","\t\tthrow \"Bad salt length\";","","\trounds = 1 << log_rounds;","\tone_percent = Math.floor(rounds / 100) + 1;","","\tvar P = P_orig.slice();","\tvar S = S_orig.slice();","","\tekskey(salt, password, P, S);","","\tvar i = 0;","","\twhile(true) {","\t\tif(i < rounds){","\t\t\tvar start = new Date();","\t\t\tfor (; i < rounds;) {","\t\t\t\ti = i + 1;","\t\t\t\tkey(password, P, S);","\t\t\t\tkey(salt, P, S);","\t\t                if(i % one_percent == 0){","\t\t\t        \tprogress();","                \t\t}","\t\t                if((new Date() - start) > MAX_EXECUTION_TIME){","                    \t\t\tbreak;","\t\t                }","            \t\t}","        \t} else {"," \t        \tfor (i = 0; i < 64; i++) {","                \t\tfor (j = 0; j < (clen >> 1); j++) {","                    \t\t\tlr = encipher(cdata, j << 1, P, S);","                \t\t}","            \t\t}","\t\t\tvar ret = [];","\t\t        for (i = 0; i < clen; i++) {","                \t\tret.push(getByte((cdata[i] >> 24) & 0xff));","                \t\tret.push(getByte((cdata[i] >> 16) & 0xff));","                \t\tret.push(getByte((cdata[i] >> 8) & 0xff));","                \t\tret.push(getByte(cdata[i] & 0xff));","            \t\t}","            \t\treturn(ret);","        \t}","\t}","};","","function hashpw(password, salt, progress) {","\tvar real_salt;","\tvar passwordb = [];","\tvar saltb = [];","\tvar hashed = [];","\tvar minor = String.fromCharCode(0);","\tvar rounds = 0;","\tvar off = 0;","","\tif (!progress){","\t        var progress = function() {};","\t}","","\tif (salt.charAt(0) != '$' || salt.charAt(1) != '2')","\t\tthrow \"Invalid salt version\";","\tif (salt.charAt(2) == '$')","\t\toff = 3;","\telse {","\t\tminor = salt.charAt(2);","\t\tif (minor != 'a' || salt.charAt(3) != '$')","\t\t\tthrow \"Invalid salt revision\";","\t\toff = 4;","\t}","","\t// Extract number of rounds","\tif (salt.charAt(off + 2) > '$')","\t\tthrow \"Missing salt rounds\";","\tvar r1 = parseInt(salt.substring(off, off + 1)) * 10;","\tvar r2 = parseInt(salt.substring(off + 1, off + 2));","\trounds = r1 + r2;","\treal_salt = salt.substring(off + 3, off + 25);","\tpassword = password + (minor >= 'a' ? \"\\000\" : \"\");","","\tvar buf = new Buffer(password);","\tfor (var r = 0; r < buf.length; r++) {","\t\tpasswordb.push(buf[r]);","\t}","\tsaltb = decode_base64(real_salt, BCRYPT_SALT_LEN);","\tvar hashed = crypt_raw(passwordb, saltb, rounds, progress);","","\tvar rs = [];","\trs.push(\"$2\");","\tif (minor >= 'a')","\t\trs.push(minor);","\trs.push(\"$\");","\tif (rounds < 10)","\t\trs.push(\"0\");","\trs.push(rounds.toString());","\trs.push(\"$\");","\trs.push(encode_base64(saltb, saltb.length));","\trs.push(encode_base64(hashed, bf_crypt_ciphertext.length * 4 - 1));","","\treturn(rs.join(''));","};","","function gensalt(rounds) {","\tvar iteration_count = rounds;","\tif (iteration_count < 4 || iteration_count > 31) {","\t\titeration_count = GENSALT_DEFAULT_LOG2_ROUNDS;","\t}","\tvar output = [];","\toutput.push(\"$2a$\");","\tif (iteration_count < 10)","\t\toutput.push(\"0\");","\toutput.push(iteration_count.toString());","\toutput.push('$');","","\tvar rand_buf;","\ttry {","\t\trand_buf = crypto.randomBytes(BCRYPT_SALT_LEN);","\t} catch (ex) {","\t\tthrow ex;","\t}","","\toutput.push(encode_base64(rand_buf, BCRYPT_SALT_LEN));","\treturn output.join('');","};","","function genSaltSync(rounds) {","\t/*","\t\trounds - [OPTIONAL] - the number of rounds to process the data for. (default - 10)","\t\tseed_length - [OPTIONAL] - RAND_bytes wants a length. to make that a bit flexible, you can specify a seed_length. (default - 20)","\t*/","\tif(!rounds) {","\t\trounds = GENSALT_DEFAULT_LOG2_ROUNDS;","\t}","\treturn gensalt(rounds);","}","","function genSalt(rounds, callback) {","\t/*","\t\trounds - [OPTIONAL] - the number of rounds to process the data for. (default - 10)","\t\tseed_length - [OPTIONAL] - RAND_bytes wants a length. to make that a bit flexible, you can specify a seed_length. (default - 20)","\t\tcallback - [REQUIRED] - a callback to be fired once the salt has been generated. uses eio making it asynchronous.","\t\t\terror - First parameter to the callback detailing any errors.","\t\t\tsalt - Second parameter to the callback providing the generated salt.","\t*/","\tif(!callback) {","\t\tthrow \"No callback function was given.\"","\t}","\tprocess.nextTick(function() {","\t\tvar result = null;","\t\tvar error = null;","\t\ttry {","\t\t\tresult = genSaltSync(rounds)","\t\t} catch(err) {","\t\t\terror = err;","\t\t}","\t\tcallback(error, result);","\t});","}","","function hashSync(data, salt, progress) {","\t/*","\t\tdata - [REQUIRED] - the data to be encrypted.","\t\tsalt - [REQUIRED] - the salt to be used in encryption.","\t*/","\tif(!salt) {","\t\tsalt = genSaltSync();","\t}","\treturn hashpw(data, salt, progress);","}","","function hash(data, salt, progress, callback) {","\t/*","\t\tdata - [REQUIRED] - the data to be encrypted.","\t\tsalt - [REQUIRED] - the salt to be used to hash the password. if specified as a number then a salt will be generated and used (see examples).","\t\tprogress - a callback to be called during the hash calculation to signify progress","\t\tcallback - [REQUIRED] - a callback to be fired once the data has been encrypted. uses eio making it asynchronous.","\t\t\terror - First parameter to the callback detailing any errors.","\t\t\tencrypted - Second parameter to the callback providing the encrypted form.","\t*/","\tif(!callback) {","\t\tthrow \"No callback function was given.\"","\t}","\tprocess.nextTick(function() {","\t\tvar result = null;","\t\tvar error = null;","\t\ttry {","\t\t\tresult = hashSync(data, salt, progress)","\t\t} catch(err) {","\t\t\terror = err;","\t\t}","\t\tcallback(error, result);","\t});","}","","function compareSync(data, encrypted) {","\t/*","\t\tdata - [REQUIRED] - data to compare.","\t\tencrypted - [REQUIRED] - data to be compared to.","\t*/","","\tif(typeof data != \"string\" ||  typeof encrypted != \"string\") {","\t\tthrow \"Incorrect arguments\";","\t}","","\tvar encrypted_length = encrypted.length;","","\tif(encrypted_length != 60) {","\t\tthrow \"Not a valid BCrypt hash.\";","\t}","","\tvar same = true;","\tvar hash_data = hashSync(data, encrypted.substr(0, encrypted_length-31));","\tvar hash_data_length = hash_data.length;","","\tsame = hash_data_length == encrypted_length;","","\tvar max_length = (hash_data_length < encrypted_length) ? hash_data_length : encrypted_length;","","\t// to prevent timing attacks, should check entire string","\t// don't exit after found to be false","\tfor (var i = 0; i < max_length; ++i) {","\t\tif (hash_data_length >= i && encrypted_length >= i && hash_data[i] != encrypted[i]) {","\t\t\tsame = false;","\t\t}","\t}","","\treturn same;","}","","function compare(data, encrypted, callback) {","\t/*","\t\tdata - [REQUIRED] - data to compare.","\t\tencrypted - [REQUIRED] - data to be compared to.","\t\tcallback - [REQUIRED] - a callback to be fired once the data has been compared. uses eio making it asynchronous.","\t\t\terror - First parameter to the callback detailing any errors.","\t\t\tsame - Second parameter to the callback providing whether the data and encrypted forms match [true | false].","\t*/","\tif(!callback) {","\t\tthrow \"No callback function was given.\"","\t}","\tprocess.nextTick(function() {","\t\tvar result = null;","\t\tvar error = null;","\t\ttry {","\t\t\tresult = compareSync(data, encrypted)","\t\t} catch(err) {","\t\t\terror = err;","\t\t}","\t\tcallback(error, result);","\t});","}","","function getRounds(encrypted) {","\t//encrypted - [REQUIRED] - hash from which the number of rounds used should be extracted.","\tif(typeof encrypted != \"string\") {","\t\tthrow \"Incorrect arguments\";","\t}","\treturn Number(encrypted.split(\"$\")[2]);","}","","exports.genSaltSync = genSaltSync;","exports.genSalt = genSalt;","exports.hashSync = hashSync;","exports.hash = hash;","exports.compareSync = compareSync;","exports.compare = compare;","exports.getRounds = getRounds;",""],"l":{"1":1,"3":1,"5":1,"6":1,"8":1,"9":1,"13":1,"218":1,"220":1,"226":1,"235":1,"236":0,"237":0,"238":0,"240":0,"242":0,"243":0,"245":0,"249":1,"250":0,"251":0,"252":0,"253":0,"254":0,"255":0,"256":0,"257":0,"258":0,"259":0,"260":0,"261":0,"262":0,"264":0,"265":0,"266":0,"267":0,"268":0,"269":0,"270":0,"272":0,"273":0,"274":0,"275":0,"277":0,"280":1,"281":0,"282":0,"283":0,"285":0,"288":1,"289":0,"290":0,"291":0,"292":0,"293":0,"294":0,"295":0,"296":0,"297":0,"298":0,"299":0,"301":0,"302":0,"303":0,"304":0,"305":0,"307":0,"308":0,"309":0,"311":0,"312":0,"313":0,"314":0,"315":0,"317":0,"318":0,"319":0,"320":0,"321":0,"323":0,"324":0,"325":0,"327":0,"330":1,"331":0,"332":0,"333":0,"334":0,"336":0,"337":0,"339":0,"340":0,"341":0,"342":0,"343":0,"346":0,"347":0,"348":0,"349":0,"350":0,"352":0,"353":0,"354":0,"357":1,"358":0,"359":0,"360":0,"361":0,"362":0,"364":0,"367":1,"368":0,"369":0,"370":0,"371":0,"372":0,"374":0,"375":0,"376":0,"377":0,"379":0,"380":0,"381":0,"382":0,"385":0,"386":0,"387":0,"388":0,"392":1,"393":0,"394":0,"395":0,"396":0,"397":0,"398":0,"400":0,"401":0,"402":0,"403":0,"405":0,"406":0,"407":0,"408":0,"409":0,"411":0,"412":0,"413":0,"415":0,"416":0,"417":0,"419":0,"420":0,"421":0,"422":0,"424":0,"425":0,"426":0,"428":0,"429":0,"430":0,"434":1,"435":0,"436":0,"437":0,"438":0,"439":0,"441":0,"442":0,"443":0,"444":0,"446":0,"447":0,"449":0,"450":0,"452":0,"454":0,"456":0,"457":0,"458":0,"459":0,"460":0,"461":0,"462":0,"463":0,"464":0,"466":0,"467":0,"471":0,"472":0,"473":0,"476":0,"477":0,"478":0,"479":0,"480":0,"481":0,"483":0,"488":1,"489":0,"490":0,"491":0,"492":0,"493":0,"494":0,"495":0,"497":0,"498":0,"501":0,"502":0,"503":0,"504":0,"506":0,"507":0,"508":0,"509":0,"513":0,"514":0,"515":0,"516":0,"517":0,"518":0,"519":0,"521":0,"522":0,"523":0,"525":0,"526":0,"528":0,"529":0,"530":0,"531":0,"532":0,"533":0,"534":0,"535":0,"536":0,"537":0,"538":0,"540":0,"543":1,"544":0,"545":0,"546":0,"548":0,"549":0,"550":0,"551":0,"552":0,"553":0,"555":0,"556":0,"557":0,"559":0,"562":0,"563":0,"566":1,"571":0,"572":0,"574":0,"577":1,"585":0,"586":0,"588":0,"589":0,"590":0,"591":0,"592":0,"594":0,"596":0,"600":1,"605":0,"606":0,"608":0,"611":1,"620":0,"621":0,"623":0,"624":0,"625":0,"626":0,"627":0,"629":0,"631":0,"635":1,"641":0,"642":0,"645":0,"647":0,"648":0,"651":0,"652":0,"653":0,"655":0,"657":0,"661":0,"662":0,"663":0,"667":0,"670":1,"678":0,"679":0,"681":0,"682":0,"683":0,"684":0,"685":0,"687":0,"689":0,"693":1,"695":0,"696":0,"698":0,"701":1,"702":1,"703":1,"704":1,"705":1,"706":1,"707":1}}}